[INFO 2016-11-11T21:00:07.792 service.admin.AdminUserService initAuthContent 141] Star init authContent json data.
[INFO 2016-11-11T21:00:08.009 service.admin.AdminUserService initAuthContent 154] Init authContent json data complete.
[INFO 2016-11-11T21:00:08.009 service.admin.AdminUserService initUserContent 56] Star init userContent json data.
[INFO 2016-11-11T21:00:08.012 service.admin.AdminUserService initUserContent 75] Init userContent json data complete.
[INFO 2016-11-11T21:00:08.012 service.admin.AdminUserService initNavigationContent 235] Star init navigationContent json data.
[INFO 2016-11-11T21:00:08.016 service.admin.AdminUserService initNavigationContent 240] Init navigationContent json data complete.
[INFO 2016-11-11T21:00:08.016 service.admin.AdminUserService initGroupContent 297] Star init groupContent json data.
[INFO 2016-11-11T21:00:08.018 service.admin.AdminUserService initGroupContent 302] Init groupContent json data complete.
[INFO 2016-11-11T17:24:55.152 main.service.admin.AdminUserService initAuthContent 215] Star init authContent json data.
[INFO 2016-11-11T17:24:55.476 main.service.admin.AdminUserService initAuthContent 228] Init authContent json data complete.
[INFO 2016-11-11T17:24:55.476 main.service.admin.AdminUserService initUserContent 69] Star init userContent json data.
[INFO 2016-11-11T17:24:55.492 main.service.admin.AdminUserService initUserContent 88] Init userContent json data complete.
[INFO 2016-11-11T17:24:55.492 main.service.admin.AdminUserService initRoleContent 148] Star init roleContent json data.
[INFO 2016-11-11T17:24:55.492 main.service.admin.AdminUserService initRoleContent 167] Init roleContent json data complete.
[INFO 2016-11-11T17:24:55.492 main.service.admin.AdminUserService initPermissionContent 179] Star init permissionContent json data.
[ERROR 2016-11-11T17:24:55.492 common.utils.JsonUtils objectFromJson 48] Exception during deserializing Permission[] from 
[ERROR 2016-11-11T17:24:55.492 main.service.admin.AdminUserService initPermissionContent 200] java.lang.NullPointerException
[INFO 2016-11-11T17:24:55.492 main.service.admin.AdminUserService initNavigationContent 309] Star init navigationContent json data.
[INFO 2016-11-11T17:24:55.492 main.service.admin.AdminUserService initNavigationContent 314] Init navigationContent json data complete.
[INFO 2016-11-11T17:24:55.492 main.service.admin.AdminUserService initGroupContent 371] Star init groupContent json data.
[INFO 2016-11-11T17:24:55.492 main.service.admin.AdminUserService initGroupContent 376] Init groupContent json data complete.
[INFO 2016-11-11T17:25:18.573 main.service.admin.AdminUserService initAuthContent 215] Star init authContent json data.
[INFO 2016-11-11T17:25:18.785 main.service.admin.AdminUserService initAuthContent 228] Init authContent json data complete.
[INFO 2016-11-11T17:25:18.785 main.service.admin.AdminUserService initUserContent 69] Star init userContent json data.
[INFO 2016-11-11T17:25:18.801 main.service.admin.AdminUserService initUserContent 88] Init userContent json data complete.
[INFO 2016-11-11T17:25:18.801 main.service.admin.AdminUserService initRoleContent 148] Star init roleContent json data.
[INFO 2016-11-11T17:25:18.801 main.service.admin.AdminUserService initRoleContent 167] Init roleContent json data complete.
[INFO 2016-11-11T17:25:18.801 main.service.admin.AdminUserService initPermissionContent 179] Star init permissionContent json data.
[ERROR 2016-11-11T17:25:18.801 common.utils.JsonUtils objectFromJson 48] Exception during deserializing Permission[] from 
[ERROR 2016-11-11T17:25:18.801 main.service.admin.AdminUserService initPermissionContent 200] java.lang.NullPointerException
[INFO 2016-11-11T17:25:18.801 main.service.admin.AdminUserService initNavigationContent 309] Star init navigationContent json data.
[INFO 2016-11-11T17:25:18.801 main.service.admin.AdminUserService initNavigationContent 314] Init navigationContent json data complete.
[INFO 2016-11-11T17:25:18.801 main.service.admin.AdminUserService initGroupContent 371] Star init groupContent json data.
[INFO 2016-11-11T17:25:18.817 main.service.admin.AdminUserService initGroupContent 376] Init groupContent json data complete.
[INFO 2016-11-11T17:27:29.176 main.service.admin.AdminUserService initAuthContent 215] Star init authContent json data.
[INFO 2016-11-11T17:27:29.401 main.service.admin.AdminUserService initAuthContent 228] Init authContent json data complete.
[INFO 2016-11-11T17:27:29.401 main.service.admin.AdminUserService initUserContent 69] Star init userContent json data.
[INFO 2016-11-11T17:27:29.417 main.service.admin.AdminUserService initUserContent 88] Init userContent json data complete.
[INFO 2016-11-11T17:27:29.417 main.service.admin.AdminUserService initRoleContent 148] Star init roleContent json data.
[INFO 2016-11-11T17:27:29.417 main.service.admin.AdminUserService initRoleContent 167] Init roleContent json data complete.
[INFO 2016-11-11T17:27:29.417 main.service.admin.AdminUserService initPermissionContent 179] Star init permissionContent json data.
[ERROR 2016-11-11T17:27:29.417 main.service.admin.AdminUserService initPermissionContent 200] java.lang.IllegalArgumentException: Repeated permissionName:
[INFO 2016-11-11T17:27:29.417 main.service.admin.AdminUserService initNavigationContent 309] Star init navigationContent json data.
[INFO 2016-11-11T17:27:29.433 main.service.admin.AdminUserService initNavigationContent 314] Init navigationContent json data complete.
[INFO 2016-11-11T17:27:29.433 main.service.admin.AdminUserService initGroupContent 371] Star init groupContent json data.
[INFO 2016-11-11T17:27:29.433 main.service.admin.AdminUserService initGroupContent 376] Init groupContent json data complete.
[INFO 2016-11-11T17:29:12.820 main.service.admin.AdminUserService initAuthContent 215] Star init authContent json data.
[INFO 2016-11-11T17:29:13.032 main.service.admin.AdminUserService initAuthContent 228] Init authContent json data complete.
[INFO 2016-11-11T17:29:13.032 main.service.admin.AdminUserService initUserContent 69] Star init userContent json data.
[INFO 2016-11-11T17:29:13.047 main.service.admin.AdminUserService initUserContent 88] Init userContent json data complete.
[INFO 2016-11-11T17:29:13.047 main.service.admin.AdminUserService initRoleContent 148] Star init roleContent json data.
[INFO 2016-11-11T17:29:13.047 main.service.admin.AdminUserService initRoleContent 167] Init roleContent json data complete.
[INFO 2016-11-11T17:29:13.047 main.service.admin.AdminUserService initPermissionContent 179] Star init permissionContent json data.
[INFO 2016-11-11T17:29:13.047 main.service.admin.AdminUserService initPermissionContent 198] Init permissionContent json data complete.
[INFO 2016-11-11T17:29:13.047 main.service.admin.AdminUserService initNavigationContent 309] Star init navigationContent json data.
[INFO 2016-11-11T17:29:13.063 main.service.admin.AdminUserService initNavigationContent 314] Init navigationContent json data complete.
[INFO 2016-11-11T17:29:13.063 main.service.admin.AdminUserService initGroupContent 371] Star init groupContent json data.
[INFO 2016-11-11T17:29:13.063 main.service.admin.AdminUserService initGroupContent 376] Init groupContent json data complete.
[INFO 2016-11-11T17:35:47.424 main.service.admin.AdminUserService initAuthContent 215] Star init authContent json data.
[INFO 2016-11-11T17:35:47.634 main.service.admin.AdminUserService initAuthContent 228] Init authContent json data complete.
[INFO 2016-11-11T17:35:47.634 main.service.admin.AdminUserService initUserContent 69] Star init userContent json data.
[INFO 2016-11-11T17:35:47.650 main.service.admin.AdminUserService initUserContent 88] Init userContent json data complete.
[INFO 2016-11-11T17:35:47.650 main.service.admin.AdminUserService initRoleContent 148] Star init roleContent json data.
[INFO 2016-11-11T17:35:47.650 main.service.admin.AdminUserService initRoleContent 167] Init roleContent json data complete.
[INFO 2016-11-11T17:35:47.650 main.service.admin.AdminUserService initPermissionContent 179] Star init permissionContent json data.
[INFO 2016-11-11T17:35:47.650 main.service.admin.AdminUserService initPermissionContent 198] Init permissionContent json data complete.
[INFO 2016-11-11T17:35:47.650 main.service.admin.AdminUserService initNavigationContent 309] Star init navigationContent json data.
[INFO 2016-11-11T17:35:47.666 main.service.admin.AdminUserService initNavigationContent 314] Init navigationContent json data complete.
[INFO 2016-11-11T17:35:47.666 main.service.admin.AdminUserService initGroupContent 371] Star init groupContent json data.
[INFO 2016-11-11T17:35:47.666 main.service.admin.AdminUserService initGroupContent 376] Init groupContent json data complete.
[INFO 2016-11-11T17:38:33.253 main.service.admin.AdminUserService initAuthContent 215] Star init authContent json data.
[INFO 2016-11-11T17:38:33.568 main.service.admin.AdminUserService initAuthContent 228] Init authContent json data complete.
[INFO 2016-11-11T17:38:33.569 main.service.admin.AdminUserService initUserContent 69] Star init userContent json data.
[INFO 2016-11-11T17:38:33.581 main.service.admin.AdminUserService initUserContent 88] Init userContent json data complete.
[INFO 2016-11-11T17:38:33.581 main.service.admin.AdminUserService initRoleContent 148] Star init roleContent json data.
[INFO 2016-11-11T17:38:33.582 main.service.admin.AdminUserService initRoleContent 167] Init roleContent json data complete.
[INFO 2016-11-11T17:38:33.582 main.service.admin.AdminUserService initPermissionContent 179] Star init permissionContent json data.
[INFO 2016-11-11T17:38:33.582 main.service.admin.AdminUserService initPermissionContent 198] Init permissionContent json data complete.
[INFO 2016-11-11T17:38:33.582 main.service.admin.AdminUserService initNavigationContent 309] Star init navigationContent json data.
[INFO 2016-11-11T17:38:33.588 main.service.admin.AdminUserService initNavigationContent 314] Init navigationContent json data complete.
[INFO 2016-11-11T17:38:33.588 main.service.admin.AdminUserService initGroupContent 371] Star init groupContent json data.
[INFO 2016-11-11T17:38:33.590 main.service.admin.AdminUserService initGroupContent 376] Init groupContent json data complete.
[INFO 2016-11-11T17:38:48.545 main.service.admin.AdminUserService initAuthContent 215] Star init authContent json data.
[INFO 2016-11-11T17:38:48.761 main.service.admin.AdminUserService initAuthContent 228] Init authContent json data complete.
[INFO 2016-11-11T17:38:48.761 main.service.admin.AdminUserService initUserContent 69] Star init userContent json data.
[INFO 2016-11-11T17:38:48.777 main.service.admin.AdminUserService initUserContent 88] Init userContent json data complete.
[INFO 2016-11-11T17:38:48.777 main.service.admin.AdminUserService initRoleContent 148] Star init roleContent json data.
[INFO 2016-11-11T17:38:48.778 main.service.admin.AdminUserService initRoleContent 167] Init roleContent json data complete.
[INFO 2016-11-11T17:38:48.778 main.service.admin.AdminUserService initPermissionContent 179] Star init permissionContent json data.
[INFO 2016-11-11T17:38:48.779 main.service.admin.AdminUserService initPermissionContent 198] Init permissionContent json data complete.
[INFO 2016-11-11T17:38:48.779 main.service.admin.AdminUserService initNavigationContent 309] Star init navigationContent json data.
[INFO 2016-11-11T17:38:48.784 main.service.admin.AdminUserService initNavigationContent 314] Init navigationContent json data complete.
[INFO 2016-11-11T17:38:48.784 main.service.admin.AdminUserService initGroupContent 371] Star init groupContent json data.
[INFO 2016-11-11T17:38:48.786 main.service.admin.AdminUserService initGroupContent 376] Init groupContent json data complete.
[INFO 2016-11-11T17:49:03.432 main.service.admin.AdminUserService initAuthContent 215] Star init authContent json data.
[INFO 2016-11-11T17:49:03.675 main.service.admin.AdminUserService initAuthContent 228] Init authContent json data complete.
[INFO 2016-11-11T17:49:03.676 main.service.admin.AdminUserService initUserContent 69] Star init userContent json data.
[INFO 2016-11-11T17:49:03.693 main.service.admin.AdminUserService initUserContent 88] Init userContent json data complete.
[INFO 2016-11-11T17:49:03.693 main.service.admin.AdminUserService initRoleContent 148] Star init roleContent json data.
[INFO 2016-11-11T17:49:03.694 main.service.admin.AdminUserService initRoleContent 167] Init roleContent json data complete.
[INFO 2016-11-11T17:49:03.694 main.service.admin.AdminUserService initPermissionContent 179] Star init permissionContent json data.
[INFO 2016-11-11T17:49:03.694 main.service.admin.AdminUserService initPermissionContent 198] Init permissionContent json data complete.
[INFO 2016-11-11T17:49:03.695 main.service.admin.AdminUserService initNavigationContent 309] Star init navigationContent json data.
[INFO 2016-11-11T17:49:03.699 main.service.admin.AdminUserService initNavigationContent 314] Init navigationContent json data complete.
[INFO 2016-11-11T17:49:03.699 main.service.admin.AdminUserService initGroupContent 371] Star init groupContent json data.
[INFO 2016-11-11T17:49:03.701 main.service.admin.AdminUserService initGroupContent 376] Init groupContent json data complete.
[INFO 2016-11-11T17:49:31.294 main.service.admin.AdminUserService initAuthContent 215] Star init authContent json data.
[INFO 2016-11-11T17:49:31.517 main.service.admin.AdminUserService initAuthContent 228] Init authContent json data complete.
[INFO 2016-11-11T17:49:31.517 main.service.admin.AdminUserService initUserContent 69] Star init userContent json data.
[INFO 2016-11-11T17:49:31.534 main.service.admin.AdminUserService initUserContent 88] Init userContent json data complete.
[INFO 2016-11-11T17:49:31.534 main.service.admin.AdminUserService initRoleContent 148] Star init roleContent json data.
[INFO 2016-11-11T17:49:31.535 main.service.admin.AdminUserService initRoleContent 167] Init roleContent json data complete.
[INFO 2016-11-11T17:49:31.535 main.service.admin.AdminUserService initPermissionContent 179] Star init permissionContent json data.
[INFO 2016-11-11T17:49:31.536 main.service.admin.AdminUserService initPermissionContent 198] Init permissionContent json data complete.
[INFO 2016-11-11T17:49:31.536 main.service.admin.AdminUserService initNavigationContent 309] Star init navigationContent json data.
[INFO 2016-11-11T17:49:31.540 main.service.admin.AdminUserService initNavigationContent 314] Init navigationContent json data complete.
[INFO 2016-11-11T17:49:31.540 main.service.admin.AdminUserService initGroupContent 371] Star init groupContent json data.
[INFO 2016-11-11T17:49:31.542 main.service.admin.AdminUserService initGroupContent 376] Init groupContent json data complete.
[INFO 2016-11-11T18:04:08.643 main.service.admin.AdminUserService initAuthContent 215] Star init authContent json data.
[INFO 2016-11-11T18:04:08.871 main.service.admin.AdminUserService initAuthContent 228] Init authContent json data complete.
[INFO 2016-11-11T18:04:08.871 main.service.admin.AdminUserService initUserContent 69] Star init userContent json data.
[INFO 2016-11-11T18:04:08.892 main.service.admin.AdminUserService initUserContent 88] Init userContent json data complete.
[INFO 2016-11-11T18:04:08.892 main.service.admin.AdminUserService initRoleContent 148] Star init roleContent json data.
[INFO 2016-11-11T18:04:08.892 main.service.admin.AdminUserService initRoleContent 167] Init roleContent json data complete.
[INFO 2016-11-11T18:04:08.892 main.service.admin.AdminUserService initPermissionContent 179] Star init permissionContent json data.
[INFO 2016-11-11T18:04:08.892 main.service.admin.AdminUserService initPermissionContent 198] Init permissionContent json data complete.
[INFO 2016-11-11T18:04:08.892 main.service.admin.AdminUserService initNavigationContent 309] Star init navigationContent json data.
[INFO 2016-11-11T18:04:08.892 main.service.admin.AdminUserService initNavigationContent 314] Init navigationContent json data complete.
[INFO 2016-11-11T18:04:08.892 main.service.admin.AdminUserService initGroupContent 371] Star init groupContent json data.
[INFO 2016-11-11T18:04:08.892 main.service.admin.AdminUserService initGroupContent 376] Init groupContent json data complete.
[INFO 2016-11-11T18:09:57.325 main.service.admin.AdminUserService initAuthContent 215] Star init authContent json data.
[INFO 2016-11-11T18:09:57.550 main.service.admin.AdminUserService initAuthContent 228] Init authContent json data complete.
[INFO 2016-11-11T18:09:57.550 main.service.admin.AdminUserService initUserContent 69] Star init userContent json data.
[INFO 2016-11-11T18:09:57.563 main.service.admin.AdminUserService initUserContent 88] Init userContent json data complete.
[INFO 2016-11-11T18:09:57.563 main.service.admin.AdminUserService initRoleContent 148] Star init roleContent json data.
[INFO 2016-11-11T18:09:57.573 main.service.admin.AdminUserService initRoleContent 167] Init roleContent json data complete.
[INFO 2016-11-11T18:09:57.573 main.service.admin.AdminUserService initPermissionContent 179] Star init permissionContent json data.
[INFO 2016-11-11T18:09:57.573 main.service.admin.AdminUserService initPermissionContent 198] Init permissionContent json data complete.
[INFO 2016-11-11T18:09:57.573 main.service.admin.AdminUserService initNavigationContent 309] Star init navigationContent json data.
[INFO 2016-11-11T18:09:57.573 main.service.admin.AdminUserService initNavigationContent 314] Init navigationContent json data complete.
[INFO 2016-11-11T18:09:57.573 main.service.admin.AdminUserService initGroupContent 371] Star init groupContent json data.
[INFO 2016-11-11T18:09:57.573 main.service.admin.AdminUserService initGroupContent 376] Init groupContent json data complete.
[INFO 2016-11-11T18:11:34.909 main.service.admin.AdminUserService initAuthContent 215] Star init authContent json data.
[INFO 2016-11-11T18:11:35.145 main.service.admin.AdminUserService initAuthContent 228] Init authContent json data complete.
[INFO 2016-11-11T18:11:35.145 main.service.admin.AdminUserService initUserContent 69] Star init userContent json data.
[INFO 2016-11-11T18:11:35.155 main.service.admin.AdminUserService initUserContent 88] Init userContent json data complete.
[INFO 2016-11-11T18:11:35.155 main.service.admin.AdminUserService initRoleContent 148] Star init roleContent json data.
[INFO 2016-11-11T18:11:35.155 main.service.admin.AdminUserService initRoleContent 167] Init roleContent json data complete.
[INFO 2016-11-11T18:11:35.155 main.service.admin.AdminUserService initPermissionContent 179] Star init permissionContent json data.
[INFO 2016-11-11T18:11:35.165 main.service.admin.AdminUserService initPermissionContent 198] Init permissionContent json data complete.
[INFO 2016-11-11T18:11:35.165 main.service.admin.AdminUserService initNavigationContent 309] Star init navigationContent json data.
[INFO 2016-11-11T18:11:35.165 main.service.admin.AdminUserService initNavigationContent 314] Init navigationContent json data complete.
[INFO 2016-11-11T18:11:35.165 main.service.admin.AdminUserService initGroupContent 371] Star init groupContent json data.
[INFO 2016-11-11T18:11:35.165 main.service.admin.AdminUserService initGroupContent 376] Init groupContent json data complete.
[INFO 2016-11-11T18:13:21.708 main.service.admin.AdminUserService initAuthContent 215] Star init authContent json data.
[INFO 2016-11-11T18:13:21.934 main.service.admin.AdminUserService initAuthContent 228] Init authContent json data complete.
[INFO 2016-11-11T18:13:21.944 main.service.admin.AdminUserService initUserContent 69] Star init userContent json data.
[INFO 2016-11-11T18:13:21.956 main.service.admin.AdminUserService initUserContent 88] Init userContent json data complete.
[INFO 2016-11-11T18:13:21.956 main.service.admin.AdminUserService initRoleContent 148] Star init roleContent json data.
[INFO 2016-11-11T18:13:21.956 main.service.admin.AdminUserService initRoleContent 167] Init roleContent json data complete.
[INFO 2016-11-11T18:13:21.956 main.service.admin.AdminUserService initPermissionContent 179] Star init permissionContent json data.
[INFO 2016-11-11T18:13:21.956 main.service.admin.AdminUserService initPermissionContent 198] Init permissionContent json data complete.
[INFO 2016-11-11T18:13:21.956 main.service.admin.AdminUserService initNavigationContent 309] Star init navigationContent json data.
[INFO 2016-11-11T18:13:21.966 main.service.admin.AdminUserService initNavigationContent 314] Init navigationContent json data complete.
[INFO 2016-11-11T18:13:21.966 main.service.admin.AdminUserService initGroupContent 371] Star init groupContent json data.
[INFO 2016-11-11T18:13:21.966 main.service.admin.AdminUserService initGroupContent 376] Init groupContent json data complete.
[INFO 2016-11-11T18:15:37.334 main.service.admin.AdminUserService initAuthContent 215] Star init authContent json data.
[INFO 2016-11-11T18:15:37.573 main.service.admin.AdminUserService initAuthContent 228] Init authContent json data complete.
[INFO 2016-11-11T18:15:37.573 main.service.admin.AdminUserService initUserContent 69] Star init userContent json data.
[INFO 2016-11-11T18:15:37.593 main.service.admin.AdminUserService initUserContent 88] Init userContent json data complete.
[INFO 2016-11-11T18:15:37.593 main.service.admin.AdminUserService initRoleContent 148] Star init roleContent json data.
[INFO 2016-11-11T18:15:37.593 main.service.admin.AdminUserService initRoleContent 167] Init roleContent json data complete.
[INFO 2016-11-11T18:15:37.593 main.service.admin.AdminUserService initPermissionContent 179] Star init permissionContent json data.
[INFO 2016-11-11T18:15:37.593 main.service.admin.AdminUserService initPermissionContent 198] Init permissionContent json data complete.
[INFO 2016-11-11T18:15:37.593 main.service.admin.AdminUserService initNavigationContent 309] Star init navigationContent json data.
[INFO 2016-11-11T18:15:37.593 main.service.admin.AdminUserService initNavigationContent 314] Init navigationContent json data complete.
[INFO 2016-11-11T18:15:37.593 main.service.admin.AdminUserService initGroupContent 371] Star init groupContent json data.
[INFO 2016-11-11T18:15:37.604 main.service.admin.AdminUserService initGroupContent 376] Init groupContent json data complete.
[INFO 2016-11-11T18:16:28.893 main.service.admin.AdminUserService initAuthContent 215] Star init authContent json data.
[INFO 2016-11-11T18:16:29.118 main.service.admin.AdminUserService initAuthContent 228] Init authContent json data complete.
[INFO 2016-11-11T18:16:29.118 main.service.admin.AdminUserService initUserContent 69] Star init userContent json data.
[INFO 2016-11-11T18:16:29.140 main.service.admin.AdminUserService initUserContent 88] Init userContent json data complete.
[INFO 2016-11-11T18:16:29.140 main.service.admin.AdminUserService initRoleContent 148] Star init roleContent json data.
[INFO 2016-11-11T18:16:29.140 main.service.admin.AdminUserService initRoleContent 167] Init roleContent json data complete.
[INFO 2016-11-11T18:16:29.140 main.service.admin.AdminUserService initPermissionContent 179] Star init permissionContent json data.
[INFO 2016-11-11T18:16:29.140 main.service.admin.AdminUserService initPermissionContent 198] Init permissionContent json data complete.
[INFO 2016-11-11T18:16:29.140 main.service.admin.AdminUserService initNavigationContent 309] Star init navigationContent json data.
[INFO 2016-11-11T18:16:29.150 main.service.admin.AdminUserService initNavigationContent 314] Init navigationContent json data complete.
[INFO 2016-11-11T18:16:29.150 main.service.admin.AdminUserService initGroupContent 371] Star init groupContent json data.
[INFO 2016-11-11T18:16:29.150 main.service.admin.AdminUserService initGroupContent 376] Init groupContent json data complete.
[INFO 2016-11-11T18:18:07.947 main.service.admin.AdminUserService initAuthContent 215] Star init authContent json data.
[INFO 2016-11-11T18:18:08.163 main.service.admin.AdminUserService initAuthContent 228] Init authContent json data complete.
[INFO 2016-11-11T18:18:08.163 main.service.admin.AdminUserService initUserContent 69] Star init userContent json data.
[INFO 2016-11-11T18:18:08.184 main.service.admin.AdminUserService initUserContent 88] Init userContent json data complete.
[INFO 2016-11-11T18:18:08.184 main.service.admin.AdminUserService initRoleContent 148] Star init roleContent json data.
[INFO 2016-11-11T18:18:08.184 main.service.admin.AdminUserService initRoleContent 167] Init roleContent json data complete.
[INFO 2016-11-11T18:18:08.184 main.service.admin.AdminUserService initPermissionContent 179] Star init permissionContent json data.
[INFO 2016-11-11T18:18:08.184 main.service.admin.AdminUserService initPermissionContent 198] Init permissionContent json data complete.
[INFO 2016-11-11T18:18:08.184 main.service.admin.AdminUserService initNavigationContent 309] Star init navigationContent json data.
[INFO 2016-11-11T18:18:08.194 main.service.admin.AdminUserService initNavigationContent 314] Init navigationContent json data complete.
[INFO 2016-11-11T18:18:08.194 main.service.admin.AdminUserService initGroupContent 371] Star init groupContent json data.
[INFO 2016-11-11T18:18:08.194 main.service.admin.AdminUserService initGroupContent 376] Init groupContent json data complete.
[INFO 2016-11-11T18:19:24.880 main.service.admin.AdminUserService initAuthContent 215] Star init authContent json data.
[INFO 2016-11-11T18:19:25.101 main.service.admin.AdminUserService initAuthContent 228] Init authContent json data complete.
[INFO 2016-11-11T18:19:25.101 main.service.admin.AdminUserService initUserContent 69] Star init userContent json data.
[INFO 2016-11-11T18:19:25.126 main.service.admin.AdminUserService initUserContent 88] Init userContent json data complete.
[INFO 2016-11-11T18:19:25.126 main.service.admin.AdminUserService initRoleContent 148] Star init roleContent json data.
[INFO 2016-11-11T18:19:25.127 main.service.admin.AdminUserService initRoleContent 167] Init roleContent json data complete.
[INFO 2016-11-11T18:19:25.127 main.service.admin.AdminUserService initPermissionContent 179] Star init permissionContent json data.
[INFO 2016-11-11T18:19:25.128 main.service.admin.AdminUserService initPermissionContent 198] Init permissionContent json data complete.
[INFO 2016-11-11T18:19:25.128 main.service.admin.AdminUserService initNavigationContent 309] Star init navigationContent json data.
[INFO 2016-11-11T18:19:25.133 main.service.admin.AdminUserService initNavigationContent 314] Init navigationContent json data complete.
[INFO 2016-11-11T18:19:25.133 main.service.admin.AdminUserService initGroupContent 371] Star init groupContent json data.
[INFO 2016-11-11T18:19:25.134 main.service.admin.AdminUserService initGroupContent 376] Init groupContent json data complete.
[INFO 2016-11-11T18:19:34.163 main.service.admin.AdminUserService login 276] admin login management platform.
[INFO 2016-11-11T18:19:35.168 main.service.admin.AdminUserService login 276] admin login management platform.
[INFO 2016-11-11T18:20:08.091 main.service.admin.AdminUserService initAuthContent 215] Star init authContent json data.
[INFO 2016-11-11T18:20:08.322 main.service.admin.AdminUserService initAuthContent 228] Init authContent json data complete.
[INFO 2016-11-11T18:20:08.322 main.service.admin.AdminUserService initUserContent 69] Star init userContent json data.
[INFO 2016-11-11T18:20:08.353 main.service.admin.AdminUserService initUserContent 88] Init userContent json data complete.
[INFO 2016-11-11T18:20:08.353 main.service.admin.AdminUserService initRoleContent 148] Star init roleContent json data.
[INFO 2016-11-11T18:20:08.353 main.service.admin.AdminUserService initRoleContent 167] Init roleContent json data complete.
[INFO 2016-11-11T18:20:08.353 main.service.admin.AdminUserService initPermissionContent 179] Star init permissionContent json data.
[INFO 2016-11-11T18:20:08.353 main.service.admin.AdminUserService initPermissionContent 198] Init permissionContent json data complete.
[INFO 2016-11-11T18:20:08.353 main.service.admin.AdminUserService initNavigationContent 309] Star init navigationContent json data.
[INFO 2016-11-11T18:20:08.363 main.service.admin.AdminUserService initNavigationContent 314] Init navigationContent json data complete.
[INFO 2016-11-11T18:20:08.363 main.service.admin.AdminUserService initGroupContent 371] Star init groupContent json data.
[INFO 2016-11-11T18:20:08.363 main.service.admin.AdminUserService initGroupContent 376] Init groupContent json data complete.
[INFO 2016-11-11T18:20:21.652 main.service.admin.AdminUserService login 276] admin login management platform.
[INFO 2016-11-11T18:21:22.267 main.service.admin.AdminUserService initAuthContent 215] Star init authContent json data.
[INFO 2016-11-11T18:21:22.495 main.service.admin.AdminUserService initAuthContent 228] Init authContent json data complete.
[INFO 2016-11-11T18:21:22.495 main.service.admin.AdminUserService initUserContent 69] Star init userContent json data.
[INFO 2016-11-11T18:21:22.513 main.service.admin.AdminUserService initUserContent 88] Init userContent json data complete.
[INFO 2016-11-11T18:21:22.513 main.service.admin.AdminUserService initRoleContent 148] Star init roleContent json data.
[INFO 2016-11-11T18:21:22.513 main.service.admin.AdminUserService initRoleContent 167] Init roleContent json data complete.
[INFO 2016-11-11T18:21:22.513 main.service.admin.AdminUserService initPermissionContent 179] Star init permissionContent json data.
[INFO 2016-11-11T18:21:22.513 main.service.admin.AdminUserService initPermissionContent 198] Init permissionContent json data complete.
[INFO 2016-11-11T18:21:22.513 main.service.admin.AdminUserService initNavigationContent 309] Star init navigationContent json data.
[INFO 2016-11-11T18:21:22.523 main.service.admin.AdminUserService initNavigationContent 314] Init navigationContent json data complete.
[INFO 2016-11-11T18:21:22.523 main.service.admin.AdminUserService initGroupContent 371] Star init groupContent json data.
[INFO 2016-11-11T18:21:22.523 main.service.admin.AdminUserService initGroupContent 376] Init groupContent json data complete.
[INFO 2016-11-11T18:21:38.887 main.service.admin.AdminUserService login 276] admin login management platform.
[INFO 2016-11-11T18:21:39.831 main.service.admin.AdminUserService login 276] admin login management platform.
[INFO 2016-11-11T18:21:40.850 main.service.admin.AdminUserService login 276] admin login management platform.
[INFO 2016-11-11T18:22:02.060 main.service.admin.AdminUserService initAuthContent 215] Star init authContent json data.
[INFO 2016-11-11T18:22:02.292 main.service.admin.AdminUserService initAuthContent 228] Init authContent json data complete.
[INFO 2016-11-11T18:22:02.292 main.service.admin.AdminUserService initUserContent 69] Star init userContent json data.
[INFO 2016-11-11T18:22:02.312 main.service.admin.AdminUserService initUserContent 88] Init userContent json data complete.
[INFO 2016-11-11T18:22:02.312 main.service.admin.AdminUserService initRoleContent 148] Star init roleContent json data.
[INFO 2016-11-11T18:22:02.313 main.service.admin.AdminUserService initRoleContent 167] Init roleContent json data complete.
[INFO 2016-11-11T18:22:02.313 main.service.admin.AdminUserService initPermissionContent 179] Star init permissionContent json data.
[INFO 2016-11-11T18:22:02.313 main.service.admin.AdminUserService initPermissionContent 198] Init permissionContent json data complete.
[INFO 2016-11-11T18:22:02.313 main.service.admin.AdminUserService initNavigationContent 309] Star init navigationContent json data.
[INFO 2016-11-11T18:22:02.313 main.service.admin.AdminUserService initNavigationContent 314] Init navigationContent json data complete.
[INFO 2016-11-11T18:22:02.313 main.service.admin.AdminUserService initGroupContent 371] Star init groupContent json data.
[INFO 2016-11-11T18:22:02.313 main.service.admin.AdminUserService initGroupContent 376] Init groupContent json data complete.
[INFO 2016-11-11T18:22:11.144 main.service.admin.AdminUserService login 276] admin login management platform.
