[INFO 2016-11-01T09:36:43.782 service.admin.AdminUserService initAuthContent 141] Star init authContent json data.
[INFO 2016-11-01T09:36:44.002 service.admin.AdminUserService initAuthContent 154] Init authContent json data complete.
[INFO 2016-11-01T09:36:44.003 service.admin.AdminUserService initUserContent 56] Star init userContent json data.
[INFO 2016-11-01T09:36:44.005 service.admin.AdminUserService initUserContent 75] Init userContent json data complete.
[INFO 2016-11-01T09:36:44.006 service.admin.AdminUserService initNavigationContent 235] Star init navigationContent json data.
[INFO 2016-11-01T09:36:44.009 service.admin.AdminUserService initNavigationContent 240] Init navigationContent json data complete.
[INFO 2016-11-01T09:36:44.010 service.admin.AdminUserService initGroupContent 297] Star init groupContent json data.
[INFO 2016-11-01T09:36:44.011 service.admin.AdminUserService initGroupContent 302] Init groupContent json data complete.
[INFO 2016-11-01T09:43:24.195 service.admin.AdminUserService initAuthContent 141] Star init authContent json data.
[INFO 2016-11-01T09:43:24.417 service.admin.AdminUserService initAuthContent 154] Init authContent json data complete.
[INFO 2016-11-01T09:43:24.418 service.admin.AdminUserService initUserContent 56] Star init userContent json data.
[INFO 2016-11-01T09:43:24.421 service.admin.AdminUserService initUserContent 75] Init userContent json data complete.
[INFO 2016-11-01T09:43:24.421 service.admin.AdminUserService initNavigationContent 235] Star init navigationContent json data.
[INFO 2016-11-01T09:43:24.427 service.admin.AdminUserService initNavigationContent 240] Init navigationContent json data complete.
[INFO 2016-11-01T09:43:24.427 service.admin.AdminUserService initGroupContent 297] Star init groupContent json data.
[INFO 2016-11-01T09:43:24.430 service.admin.AdminUserService initGroupContent 302] Init groupContent json data complete.
[INFO 2016-11-01T09:49:21.934 service.admin.AdminUserService initAuthContent 141] Star init authContent json data.
[INFO 2016-11-01T09:49:22.164 service.admin.AdminUserService initAuthContent 154] Init authContent json data complete.
[INFO 2016-11-01T09:49:22.165 service.admin.AdminUserService initUserContent 56] Star init userContent json data.
[INFO 2016-11-01T09:49:22.168 service.admin.AdminUserService initUserContent 75] Init userContent json data complete.
[INFO 2016-11-01T09:49:22.168 service.admin.AdminUserService initNavigationContent 235] Star init navigationContent json data.
[INFO 2016-11-01T09:49:22.172 service.admin.AdminUserService initNavigationContent 240] Init navigationContent json data complete.
[INFO 2016-11-01T09:49:22.172 service.admin.AdminUserService initGroupContent 297] Star init groupContent json data.
[INFO 2016-11-01T09:49:22.174 service.admin.AdminUserService initGroupContent 302] Init groupContent json data complete.
[INFO 2016-11-01T09:50:21.419 service.admin.AdminUserService initAuthContent 141] Star init authContent json data.
[INFO 2016-11-01T09:50:21.635 service.admin.AdminUserService initAuthContent 154] Init authContent json data complete.
[INFO 2016-11-01T09:50:21.635 service.admin.AdminUserService initUserContent 56] Star init userContent json data.
[INFO 2016-11-01T09:50:21.639 service.admin.AdminUserService initUserContent 75] Init userContent json data complete.
[INFO 2016-11-01T09:50:21.639 service.admin.AdminUserService initNavigationContent 235] Star init navigationContent json data.
[INFO 2016-11-01T09:50:21.643 service.admin.AdminUserService initNavigationContent 240] Init navigationContent json data complete.
[INFO 2016-11-01T09:50:21.644 service.admin.AdminUserService initGroupContent 297] Star init groupContent json data.
[INFO 2016-11-01T09:50:21.646 service.admin.AdminUserService initGroupContent 302] Init groupContent json data complete.
[INFO 2016-11-01T09:51:53.720 service.admin.AdminUserService initAuthContent 141] Star init authContent json data.
[INFO 2016-11-01T09:51:53.955 service.admin.AdminUserService initAuthContent 154] Init authContent json data complete.
[INFO 2016-11-01T09:51:53.955 service.admin.AdminUserService initUserContent 56] Star init userContent json data.
[INFO 2016-11-01T09:51:53.959 service.admin.AdminUserService initUserContent 75] Init userContent json data complete.
[INFO 2016-11-01T09:51:53.959 service.admin.AdminUserService initNavigationContent 235] Star init navigationContent json data.
[INFO 2016-11-01T09:51:53.962 service.admin.AdminUserService initNavigationContent 240] Init navigationContent json data complete.
[INFO 2016-11-01T09:51:53.963 service.admin.AdminUserService initGroupContent 297] Star init groupContent json data.
[INFO 2016-11-01T09:51:53.964 service.admin.AdminUserService initGroupContent 302] Init groupContent json data complete.
[INFO 2016-11-01T09:53:42.858 service.admin.AdminUserService initAuthContent 141] Star init authContent json data.
[INFO 2016-11-01T09:53:43.070 service.admin.AdminUserService initAuthContent 154] Init authContent json data complete.
[INFO 2016-11-01T09:53:43.070 service.admin.AdminUserService initUserContent 56] Star init userContent json data.
[INFO 2016-11-01T09:53:43.073 service.admin.AdminUserService initUserContent 75] Init userContent json data complete.
[INFO 2016-11-01T09:53:43.073 service.admin.AdminUserService initNavigationContent 235] Star init navigationContent json data.
[INFO 2016-11-01T09:53:43.077 service.admin.AdminUserService initNavigationContent 240] Init navigationContent json data complete.
[INFO 2016-11-01T09:53:43.077 service.admin.AdminUserService initGroupContent 297] Star init groupContent json data.
[INFO 2016-11-01T09:53:43.079 service.admin.AdminUserService initGroupContent 302] Init groupContent json data complete.
[INFO 2016-11-01T09:59:10.464 service.admin.AdminUserService initAuthContent 141] Star init authContent json data.
[INFO 2016-11-01T09:59:10.691 service.admin.AdminUserService initAuthContent 154] Init authContent json data complete.
[INFO 2016-11-01T09:59:10.692 service.admin.AdminUserService initUserContent 56] Star init userContent json data.
[INFO 2016-11-01T09:59:10.695 service.admin.AdminUserService initUserContent 75] Init userContent json data complete.
[INFO 2016-11-01T09:59:10.695 service.admin.AdminUserService initNavigationContent 235] Star init navigationContent json data.
[INFO 2016-11-01T09:59:10.699 service.admin.AdminUserService initNavigationContent 240] Init navigationContent json data complete.
[INFO 2016-11-01T09:59:10.700 service.admin.AdminUserService initGroupContent 297] Star init groupContent json data.
[INFO 2016-11-01T09:59:10.702 service.admin.AdminUserService initGroupContent 302] Init groupContent json data complete.
[INFO 2016-11-01T09:59:58.267 service.admin.AdminUserService initAuthContent 141] Star init authContent json data.
[INFO 2016-11-01T09:59:58.476 service.admin.AdminUserService initAuthContent 154] Init authContent json data complete.
[INFO 2016-11-01T09:59:58.476 service.admin.AdminUserService initUserContent 56] Star init userContent json data.
[INFO 2016-11-01T09:59:58.480 service.admin.AdminUserService initUserContent 75] Init userContent json data complete.
[INFO 2016-11-01T09:59:58.480 service.admin.AdminUserService initNavigationContent 235] Star init navigationContent json data.
[INFO 2016-11-01T09:59:58.484 service.admin.AdminUserService initNavigationContent 240] Init navigationContent json data complete.
[INFO 2016-11-01T09:59:58.484 service.admin.AdminUserService initGroupContent 297] Star init groupContent json data.
[INFO 2016-11-01T09:59:58.486 service.admin.AdminUserService initGroupContent 302] Init groupContent json data complete.
[INFO 2016-11-01T10:00:35.695 service.admin.AdminUserService initAuthContent 141] Star init authContent json data.
[INFO 2016-11-01T10:00:35.913 service.admin.AdminUserService initAuthContent 154] Init authContent json data complete.
[INFO 2016-11-01T10:00:35.914 service.admin.AdminUserService initUserContent 56] Star init userContent json data.
[INFO 2016-11-01T10:00:35.917 service.admin.AdminUserService initUserContent 75] Init userContent json data complete.
[INFO 2016-11-01T10:00:35.917 service.admin.AdminUserService initNavigationContent 235] Star init navigationContent json data.
[INFO 2016-11-01T10:00:35.922 service.admin.AdminUserService initNavigationContent 240] Init navigationContent json data complete.
[INFO 2016-11-01T10:00:35.923 service.admin.AdminUserService initGroupContent 297] Star init groupContent json data.
[INFO 2016-11-01T10:00:35.925 service.admin.AdminUserService initGroupContent 302] Init groupContent json data complete.
[INFO 2016-11-01T10:01:08.449 service.admin.AdminUserService initAuthContent 141] Star init authContent json data.
[INFO 2016-11-01T10:01:08.657 service.admin.AdminUserService initAuthContent 154] Init authContent json data complete.
[INFO 2016-11-01T10:01:08.657 service.admin.AdminUserService initUserContent 56] Star init userContent json data.
[INFO 2016-11-01T10:01:08.660 service.admin.AdminUserService initUserContent 75] Init userContent json data complete.
[INFO 2016-11-01T10:01:08.661 service.admin.AdminUserService initNavigationContent 235] Star init navigationContent json data.
[INFO 2016-11-01T10:01:08.664 service.admin.AdminUserService initNavigationContent 240] Init navigationContent json data complete.
[INFO 2016-11-01T10:01:08.665 service.admin.AdminUserService initGroupContent 297] Star init groupContent json data.
[INFO 2016-11-01T10:01:08.667 service.admin.AdminUserService initGroupContent 302] Init groupContent json data complete.
[INFO 2016-11-01T10:01:49.773 service.admin.AdminUserService initAuthContent 141] Star init authContent json data.
[INFO 2016-11-01T10:01:49.984 service.admin.AdminUserService initAuthContent 154] Init authContent json data complete.
[INFO 2016-11-01T10:01:49.985 service.admin.AdminUserService initUserContent 56] Star init userContent json data.
[INFO 2016-11-01T10:01:49.988 service.admin.AdminUserService initUserContent 75] Init userContent json data complete.
[INFO 2016-11-01T10:01:49.988 service.admin.AdminUserService initNavigationContent 235] Star init navigationContent json data.
[INFO 2016-11-01T10:01:49.993 service.admin.AdminUserService initNavigationContent 240] Init navigationContent json data complete.
[INFO 2016-11-01T10:01:49.993 service.admin.AdminUserService initGroupContent 297] Star init groupContent json data.
[INFO 2016-11-01T10:01:49.995 service.admin.AdminUserService initGroupContent 302] Init groupContent json data complete.
[INFO 2016-11-01T10:04:33.682 service.admin.AdminUserService initAuthContent 141] Star init authContent json data.
[INFO 2016-11-01T10:04:33.904 service.admin.AdminUserService initAuthContent 154] Init authContent json data complete.
[INFO 2016-11-01T10:04:33.905 service.admin.AdminUserService initUserContent 56] Star init userContent json data.
[INFO 2016-11-01T10:04:33.908 service.admin.AdminUserService initUserContent 75] Init userContent json data complete.
[INFO 2016-11-01T10:04:33.908 service.admin.AdminUserService initNavigationContent 235] Star init navigationContent json data.
[INFO 2016-11-01T10:04:33.913 service.admin.AdminUserService initNavigationContent 240] Init navigationContent json data complete.
[INFO 2016-11-01T10:04:33.913 service.admin.AdminUserService initGroupContent 297] Star init groupContent json data.
[INFO 2016-11-01T10:04:33.915 service.admin.AdminUserService initGroupContent 302] Init groupContent json data complete.
[INFO 2016-11-01T10:05:20.534 service.admin.AdminUserService initAuthContent 141] Star init authContent json data.
[INFO 2016-11-01T10:05:20.749 service.admin.AdminUserService initAuthContent 154] Init authContent json data complete.
[INFO 2016-11-01T10:05:20.749 service.admin.AdminUserService initUserContent 56] Star init userContent json data.
[INFO 2016-11-01T10:05:20.753 service.admin.AdminUserService initUserContent 75] Init userContent json data complete.
[INFO 2016-11-01T10:05:20.753 service.admin.AdminUserService initNavigationContent 235] Star init navigationContent json data.
[INFO 2016-11-01T10:05:20.757 service.admin.AdminUserService initNavigationContent 240] Init navigationContent json data complete.
[INFO 2016-11-01T10:05:20.757 service.admin.AdminUserService initGroupContent 297] Star init groupContent json data.
[INFO 2016-11-01T10:05:20.759 service.admin.AdminUserService initGroupContent 302] Init groupContent json data complete.
[INFO 2016-11-01T10:11:11.518 service.admin.AdminUserService initAuthContent 141] Star init authContent json data.
[INFO 2016-11-01T10:11:11.745 service.admin.AdminUserService initAuthContent 154] Init authContent json data complete.
[INFO 2016-11-01T10:11:11.745 service.admin.AdminUserService initUserContent 56] Star init userContent json data.
[INFO 2016-11-01T10:11:11.749 service.admin.AdminUserService initUserContent 75] Init userContent json data complete.
[INFO 2016-11-01T10:11:11.749 service.admin.AdminUserService initNavigationContent 235] Star init navigationContent json data.
[INFO 2016-11-01T10:11:11.753 service.admin.AdminUserService initNavigationContent 240] Init navigationContent json data complete.
[INFO 2016-11-01T10:11:11.753 service.admin.AdminUserService initGroupContent 297] Star init groupContent json data.
[INFO 2016-11-01T10:11:11.755 service.admin.AdminUserService initGroupContent 302] Init groupContent json data complete.
[INFO 2016-11-01T10:18:53.776 service.admin.AdminUserService initAuthContent 141] Star init authContent json data.
[INFO 2016-11-01T10:18:53.994 service.admin.AdminUserService initAuthContent 154] Init authContent json data complete.
[INFO 2016-11-01T10:18:53.995 service.admin.AdminUserService initUserContent 56] Star init userContent json data.
[INFO 2016-11-01T10:18:53.998 service.admin.AdminUserService initUserContent 75] Init userContent json data complete.
[INFO 2016-11-01T10:18:53.998 service.admin.AdminUserService initNavigationContent 235] Star init navigationContent json data.
[INFO 2016-11-01T10:18:54.002 service.admin.AdminUserService initNavigationContent 240] Init navigationContent json data complete.
[INFO 2016-11-01T10:18:54.002 service.admin.AdminUserService initGroupContent 297] Star init groupContent json data.
[INFO 2016-11-01T10:18:54.004 service.admin.AdminUserService initGroupContent 302] Init groupContent json data complete.
[INFO 2016-11-01T10:21:26.922 service.admin.AdminUserService initAuthContent 141] Star init authContent json data.
[INFO 2016-11-01T10:21:27.134 service.admin.AdminUserService initAuthContent 154] Init authContent json data complete.
[INFO 2016-11-01T10:21:27.134 service.admin.AdminUserService initUserContent 56] Star init userContent json data.
[INFO 2016-11-01T10:21:27.137 service.admin.AdminUserService initUserContent 75] Init userContent json data complete.
[INFO 2016-11-01T10:21:27.137 service.admin.AdminUserService initNavigationContent 235] Star init navigationContent json data.
[INFO 2016-11-01T10:21:27.142 service.admin.AdminUserService initNavigationContent 240] Init navigationContent json data complete.
[INFO 2016-11-01T10:21:27.142 service.admin.AdminUserService initGroupContent 297] Star init groupContent json data.
[INFO 2016-11-01T10:21:27.144 service.admin.AdminUserService initGroupContent 302] Init groupContent json data complete.
[INFO 2016-11-01T10:39:32.844 service.admin.AdminUserService initAuthContent 141] Star init authContent json data.
[INFO 2016-11-01T10:39:33.057 service.admin.AdminUserService initAuthContent 154] Init authContent json data complete.
[INFO 2016-11-01T10:39:33.057 service.admin.AdminUserService initUserContent 56] Star init userContent json data.
[INFO 2016-11-01T10:39:33.061 service.admin.AdminUserService initUserContent 75] Init userContent json data complete.
[INFO 2016-11-01T10:39:33.061 service.admin.AdminUserService initNavigationContent 235] Star init navigationContent json data.
[INFO 2016-11-01T10:39:33.065 service.admin.AdminUserService initNavigationContent 240] Init navigationContent json data complete.
[INFO 2016-11-01T10:39:33.066 service.admin.AdminUserService initGroupContent 297] Star init groupContent json data.
[INFO 2016-11-01T10:39:33.068 service.admin.AdminUserService initGroupContent 302] Init groupContent json data complete.
[INFO 2016-11-01T10:39:59.202 service.admin.AdminUserService initAuthContent 141] Star init authContent json data.
[INFO 2016-11-01T10:39:59.430 service.admin.AdminUserService initAuthContent 154] Init authContent json data complete.
[INFO 2016-11-01T10:39:59.431 service.admin.AdminUserService initUserContent 56] Star init userContent json data.
[INFO 2016-11-01T10:39:59.434 service.admin.AdminUserService initUserContent 75] Init userContent json data complete.
[INFO 2016-11-01T10:39:59.434 service.admin.AdminUserService initNavigationContent 235] Star init navigationContent json data.
[INFO 2016-11-01T10:39:59.438 service.admin.AdminUserService initNavigationContent 240] Init navigationContent json data complete.
[INFO 2016-11-01T10:39:59.439 service.admin.AdminUserService initGroupContent 297] Star init groupContent json data.
[INFO 2016-11-01T10:39:59.441 service.admin.AdminUserService initGroupContent 302] Init groupContent json data complete.
[INFO 2016-11-01T10:44:48.128 service.admin.AdminUserService initAuthContent 141] Star init authContent json data.
[INFO 2016-11-01T10:44:48.362 service.admin.AdminUserService initAuthContent 154] Init authContent json data complete.
[INFO 2016-11-01T10:44:48.362 service.admin.AdminUserService initUserContent 56] Star init userContent json data.
[INFO 2016-11-01T10:44:48.365 service.admin.AdminUserService initUserContent 75] Init userContent json data complete.
[INFO 2016-11-01T10:44:48.365 service.admin.AdminUserService initNavigationContent 235] Star init navigationContent json data.
[INFO 2016-11-01T10:44:48.370 service.admin.AdminUserService initNavigationContent 240] Init navigationContent json data complete.
[INFO 2016-11-01T10:44:48.370 service.admin.AdminUserService initGroupContent 297] Star init groupContent json data.
[INFO 2016-11-01T10:44:48.372 service.admin.AdminUserService initGroupContent 302] Init groupContent json data complete.
[INFO 2016-11-01T10:55:10.343 service.admin.AdminUserService initAuthContent 141] Star init authContent json data.
[INFO 2016-11-01T10:55:10.618 service.admin.AdminUserService initAuthContent 154] Init authContent json data complete.
[INFO 2016-11-01T10:55:10.618 service.admin.AdminUserService initUserContent 56] Star init userContent json data.
[INFO 2016-11-01T10:55:10.623 service.admin.AdminUserService initUserContent 75] Init userContent json data complete.
[INFO 2016-11-01T10:55:10.623 service.admin.AdminUserService initNavigationContent 235] Star init navigationContent json data.
[INFO 2016-11-01T10:55:10.630 service.admin.AdminUserService initNavigationContent 240] Init navigationContent json data complete.
[INFO 2016-11-01T10:55:10.630 service.admin.AdminUserService initGroupContent 297] Star init groupContent json data.
[INFO 2016-11-01T10:55:10.632 service.admin.AdminUserService initGroupContent 302] Init groupContent json data complete.
[INFO 2016-11-01T10:56:45.410 service.admin.AdminUserService initAuthContent 141] Star init authContent json data.
[INFO 2016-11-01T10:56:45.648 service.admin.AdminUserService initAuthContent 154] Init authContent json data complete.
[INFO 2016-11-01T10:56:45.649 service.admin.AdminUserService initUserContent 56] Star init userContent json data.
[INFO 2016-11-01T10:56:45.652 service.admin.AdminUserService initUserContent 75] Init userContent json data complete.
[INFO 2016-11-01T10:56:45.652 service.admin.AdminUserService initNavigationContent 235] Star init navigationContent json data.
[INFO 2016-11-01T10:56:45.657 service.admin.AdminUserService initNavigationContent 240] Init navigationContent json data complete.
[INFO 2016-11-01T10:56:45.657 service.admin.AdminUserService initGroupContent 297] Star init groupContent json data.
[INFO 2016-11-01T10:56:45.659 service.admin.AdminUserService initGroupContent 302] Init groupContent json data complete.
[INFO 2016-11-01T10:57:32.293 service.admin.AdminUserService initAuthContent 141] Star init authContent json data.
[INFO 2016-11-01T10:57:32.511 service.admin.AdminUserService initAuthContent 154] Init authContent json data complete.
[INFO 2016-11-01T10:57:32.511 service.admin.AdminUserService initUserContent 56] Star init userContent json data.
[INFO 2016-11-01T10:57:32.514 service.admin.AdminUserService initUserContent 75] Init userContent json data complete.
[INFO 2016-11-01T10:57:32.514 service.admin.AdminUserService initNavigationContent 235] Star init navigationContent json data.
[INFO 2016-11-01T10:57:32.518 service.admin.AdminUserService initNavigationContent 240] Init navigationContent json data complete.
[INFO 2016-11-01T10:57:32.519 service.admin.AdminUserService initGroupContent 297] Star init groupContent json data.
[INFO 2016-11-01T10:57:32.521 service.admin.AdminUserService initGroupContent 302] Init groupContent json data complete.
