[INFO 2016-12-16T21:21:30.293 service.admin.AdminUserService initAuthContent 141] Star init authContent json data.
[INFO 2016-12-16T21:21:30.521 service.admin.AdminUserService initAuthContent 154] Init authContent json data complete.
[INFO 2016-12-16T21:21:30.521 service.admin.AdminUserService initUserContent 56] Star init userContent json data.
[INFO 2016-12-16T21:21:30.524 service.admin.AdminUserService initUserContent 75] Init userContent json data complete.
[INFO 2016-12-16T21:21:30.525 service.admin.AdminUserService initNavigationContent 235] Star init navigationContent json data.
[INFO 2016-12-16T21:21:30.529 service.admin.AdminUserService initNavigationContent 240] Init navigationContent json data complete.
[INFO 2016-12-16T21:21:30.530 service.admin.AdminUserService initGroupContent 297] Star init groupContent json data.
[INFO 2016-12-16T21:21:30.532 service.admin.AdminUserService initGroupContent 302] Init groupContent json data complete.
[INFO 2016-12-16T21:22:22.162 service.admin.AdminUserService login 202] admin login management platform.
[INFO 2016-12-16T21:23:36.856 service.admin.AdminUserService initAuthContent 141] Star init authContent json data.
[INFO 2016-12-16T21:23:37.078 service.admin.AdminUserService initAuthContent 154] Init authContent json data complete.
[INFO 2016-12-16T21:23:37.078 service.admin.AdminUserService initUserContent 56] Star init userContent json data.
[INFO 2016-12-16T21:23:37.081 service.admin.AdminUserService initUserContent 75] Init userContent json data complete.
[INFO 2016-12-16T21:23:37.081 service.admin.AdminUserService initNavigationContent 235] Star init navigationContent json data.
[INFO 2016-12-16T21:23:37.085 service.admin.AdminUserService initNavigationContent 240] Init navigationContent json data complete.
[INFO 2016-12-16T21:23:37.085 service.admin.AdminUserService initGroupContent 297] Star init groupContent json data.
[INFO 2016-12-16T21:23:37.087 service.admin.AdminUserService initGroupContent 302] Init groupContent json data complete.
[INFO 2016-12-16T21:23:45.291 service.admin.AdminUserService login 202] admin login management platform.
[INFO 2016-12-16T21:25:09.375 service.admin.AdminUserService initAuthContent 141] Star init authContent json data.
[INFO 2016-12-16T21:25:09.592 service.admin.AdminUserService initAuthContent 154] Init authContent json data complete.
[INFO 2016-12-16T21:25:09.593 service.admin.AdminUserService initUserContent 56] Star init userContent json data.
[INFO 2016-12-16T21:25:09.596 service.admin.AdminUserService initUserContent 75] Init userContent json data complete.
[INFO 2016-12-16T21:25:09.596 service.admin.AdminUserService initNavigationContent 235] Star init navigationContent json data.
[INFO 2016-12-16T21:25:09.601 service.admin.AdminUserService initNavigationContent 240] Init navigationContent json data complete.
[INFO 2016-12-16T21:25:09.601 service.admin.AdminUserService initGroupContent 297] Star init groupContent json data.
[INFO 2016-12-16T21:25:09.603 service.admin.AdminUserService initGroupContent 302] Init groupContent json data complete.
[INFO 2016-12-16T21:26:02.333 service.admin.AdminUserService login 202] admin login management platform.
[INFO 2016-12-16T21:28:36.295 service.admin.AdminUserService initAuthContent 141] Star init authContent json data.
[INFO 2016-12-16T21:28:36.515 service.admin.AdminUserService initAuthContent 154] Init authContent json data complete.
[INFO 2016-12-16T21:28:36.515 service.admin.AdminUserService initUserContent 56] Star init userContent json data.
[INFO 2016-12-16T21:28:36.519 service.admin.AdminUserService initUserContent 75] Init userContent json data complete.
[INFO 2016-12-16T21:28:36.519 service.admin.AdminUserService initNavigationContent 235] Star init navigationContent json data.
[INFO 2016-12-16T21:28:36.523 service.admin.AdminUserService initNavigationContent 240] Init navigationContent json data complete.
[INFO 2016-12-16T21:28:36.524 service.admin.AdminUserService initGroupContent 297] Star init groupContent json data.
[INFO 2016-12-16T21:28:36.526 service.admin.AdminUserService initGroupContent 302] Init groupContent json data complete.
[INFO 2016-12-16T21:28:51.278 service.admin.AdminUserService login 202] admin login management platform.
[INFO 2016-12-16T21:30:19.869 service.admin.AdminUserService initAuthContent 141] Star init authContent json data.
[INFO 2016-12-16T21:30:20.112 service.admin.AdminUserService initAuthContent 154] Init authContent json data complete.
[INFO 2016-12-16T21:30:20.112 service.admin.AdminUserService initUserContent 56] Star init userContent json data.
[INFO 2016-12-16T21:30:20.117 service.admin.AdminUserService initUserContent 75] Init userContent json data complete.
[INFO 2016-12-16T21:30:20.117 service.admin.AdminUserService initNavigationContent 235] Star init navigationContent json data.
[INFO 2016-12-16T21:30:20.124 service.admin.AdminUserService initNavigationContent 240] Init navigationContent json data complete.
[INFO 2016-12-16T21:30:20.124 service.admin.AdminUserService initGroupContent 297] Star init groupContent json data.
[INFO 2016-12-16T21:30:20.127 service.admin.AdminUserService initGroupContent 302] Init groupContent json data complete.
[INFO 2016-12-16T21:30:45.226 service.admin.AdminUserService login 202] admin login management platform.
[INFO 2016-12-16T21:32:52.663 service.admin.AdminUserService initAuthContent 141] Star init authContent json data.
[INFO 2016-12-16T21:32:52.875 service.admin.AdminUserService initAuthContent 154] Init authContent json data complete.
[INFO 2016-12-16T21:32:52.875 service.admin.AdminUserService initUserContent 56] Star init userContent json data.
[INFO 2016-12-16T21:32:52.878 service.admin.AdminUserService initUserContent 75] Init userContent json data complete.
[INFO 2016-12-16T21:32:52.878 service.admin.AdminUserService initNavigationContent 235] Star init navigationContent json data.
[INFO 2016-12-16T21:32:52.882 service.admin.AdminUserService initNavigationContent 240] Init navigationContent json data complete.
[INFO 2016-12-16T21:32:52.882 service.admin.AdminUserService initGroupContent 297] Star init groupContent json data.
[INFO 2016-12-16T21:32:52.884 service.admin.AdminUserService initGroupContent 302] Init groupContent json data complete.
[INFO 2016-12-16T21:33:51.562 service.admin.AdminUserService login 202] admin login management platform.
[INFO 2016-12-16T22:10:00.919 service.admin.AdminUserService initAuthContent 141] Star init authContent json data.
[INFO 2016-12-16T22:10:01.173 service.admin.AdminUserService initAuthContent 154] Init authContent json data complete.
[INFO 2016-12-16T22:10:01.174 service.admin.AdminUserService initUserContent 56] Star init userContent json data.
[INFO 2016-12-16T22:10:01.178 service.admin.AdminUserService initUserContent 75] Init userContent json data complete.
[INFO 2016-12-16T22:10:01.178 service.admin.AdminUserService initNavigationContent 235] Star init navigationContent json data.
[INFO 2016-12-16T22:10:01.188 service.admin.AdminUserService initNavigationContent 240] Init navigationContent json data complete.
[INFO 2016-12-16T22:10:01.188 service.admin.AdminUserService initGroupContent 297] Star init groupContent json data.
[INFO 2016-12-16T22:10:01.193 service.admin.AdminUserService initGroupContent 302] Init groupContent json data complete.
[INFO 2016-12-16T22:14:39.843 service.admin.AdminUserService initAuthContent 141] Star init authContent json data.
[INFO 2016-12-16T22:14:40.055 service.admin.AdminUserService initAuthContent 154] Init authContent json data complete.
[INFO 2016-12-16T22:14:40.055 service.admin.AdminUserService initUserContent 56] Star init userContent json data.
[INFO 2016-12-16T22:14:40.058 service.admin.AdminUserService initUserContent 75] Init userContent json data complete.
[INFO 2016-12-16T22:14:40.058 service.admin.AdminUserService initNavigationContent 235] Star init navigationContent json data.
[INFO 2016-12-16T22:14:40.063 service.admin.AdminUserService initNavigationContent 240] Init navigationContent json data complete.
[INFO 2016-12-16T22:14:40.063 service.admin.AdminUserService initGroupContent 297] Star init groupContent json data.
[INFO 2016-12-16T22:14:40.065 service.admin.AdminUserService initGroupContent 302] Init groupContent json data complete.
[INFO 2016-12-16T22:22:34.902 service.admin.AdminUserService initAuthContent 141] Star init authContent json data.
[INFO 2016-12-16T22:22:35.116 service.admin.AdminUserService initAuthContent 154] Init authContent json data complete.
[INFO 2016-12-16T22:22:35.116 service.admin.AdminUserService initUserContent 56] Star init userContent json data.
[INFO 2016-12-16T22:22:35.119 service.admin.AdminUserService initUserContent 75] Init userContent json data complete.
[INFO 2016-12-16T22:22:35.120 service.admin.AdminUserService initNavigationContent 235] Star init navigationContent json data.
[INFO 2016-12-16T22:22:35.124 service.admin.AdminUserService initNavigationContent 240] Init navigationContent json data complete.
[INFO 2016-12-16T22:22:35.124 service.admin.AdminUserService initGroupContent 297] Star init groupContent json data.
[INFO 2016-12-16T22:22:35.126 service.admin.AdminUserService initGroupContent 302] Init groupContent json data complete.
[INFO 2016-12-16T22:25:08.671 service.admin.AdminUserService initAuthContent 141] Star init authContent json data.
[INFO 2016-12-16T22:25:08.901 service.admin.AdminUserService initAuthContent 154] Init authContent json data complete.
[INFO 2016-12-16T22:25:08.901 service.admin.AdminUserService initUserContent 56] Star init userContent json data.
[INFO 2016-12-16T22:25:08.904 service.admin.AdminUserService initUserContent 75] Init userContent json data complete.
[INFO 2016-12-16T22:25:08.905 service.admin.AdminUserService initNavigationContent 235] Star init navigationContent json data.
[INFO 2016-12-16T22:25:08.909 service.admin.AdminUserService initNavigationContent 240] Init navigationContent json data complete.
[INFO 2016-12-16T22:25:08.909 service.admin.AdminUserService initGroupContent 297] Star init groupContent json data.
[INFO 2016-12-16T22:25:08.911 service.admin.AdminUserService initGroupContent 302] Init groupContent json data complete.
[INFO 2016-12-16T22:25:25.388 service.admin.AdminUserService login 202] admin login management platform.
