[INFO 2016-12-14T18:34:11.431 service.admin.AdminUserService initAuthContent 141] Star init authContent json data.
[INFO 2016-12-14T18:34:11.653 service.admin.AdminUserService initAuthContent 154] Init authContent json data complete.
[INFO 2016-12-14T18:34:11.654 service.admin.AdminUserService initUserContent 56] Star init userContent json data.
[INFO 2016-12-14T18:34:11.657 service.admin.AdminUserService initUserContent 75] Init userContent json data complete.
[INFO 2016-12-14T18:34:11.657 service.admin.AdminUserService initNavigationContent 235] Star init navigationContent json data.
[INFO 2016-12-14T18:34:11.671 service.admin.AdminUserService initNavigationContent 240] Init navigationContent json data complete.
[INFO 2016-12-14T18:34:11.671 service.admin.AdminUserService initGroupContent 297] Star init groupContent json data.
[INFO 2016-12-14T18:34:11.674 service.admin.AdminUserService initGroupContent 302] Init groupContent json data complete.
[INFO 2016-12-14T18:39:26.330 service.admin.AdminUserService login 202] admin login management platform.
[INFO 2016-12-14T19:48:18.332 service.admin.AdminUserService initAuthContent 141] Star init authContent json data.
[INFO 2016-12-14T19:48:18.576 service.admin.AdminUserService initAuthContent 154] Init authContent json data complete.
[INFO 2016-12-14T19:48:18.577 service.admin.AdminUserService initUserContent 56] Star init userContent json data.
[INFO 2016-12-14T19:48:18.580 service.admin.AdminUserService initUserContent 75] Init userContent json data complete.
[INFO 2016-12-14T19:48:18.581 service.admin.AdminUserService initNavigationContent 235] Star init navigationContent json data.
[INFO 2016-12-14T19:48:18.585 service.admin.AdminUserService initNavigationContent 240] Init navigationContent json data complete.
[INFO 2016-12-14T19:48:18.585 service.admin.AdminUserService initGroupContent 297] Star init groupContent json data.
[INFO 2016-12-14T19:48:18.587 service.admin.AdminUserService initGroupContent 302] Init groupContent json data complete.
[INFO 2016-12-14T19:49:23.164 service.admin.AdminUserService initAuthContent 141] Star init authContent json data.
[INFO 2016-12-14T19:49:23.387 service.admin.AdminUserService initAuthContent 154] Init authContent json data complete.
[INFO 2016-12-14T19:49:23.387 service.admin.AdminUserService initUserContent 56] Star init userContent json data.
[INFO 2016-12-14T19:49:23.391 service.admin.AdminUserService initUserContent 75] Init userContent json data complete.
[INFO 2016-12-14T19:49:23.391 service.admin.AdminUserService initNavigationContent 235] Star init navigationContent json data.
[INFO 2016-12-14T19:49:23.396 service.admin.AdminUserService initNavigationContent 240] Init navigationContent json data complete.
[INFO 2016-12-14T19:49:23.396 service.admin.AdminUserService initGroupContent 297] Star init groupContent json data.
[INFO 2016-12-14T19:49:23.398 service.admin.AdminUserService initGroupContent 302] Init groupContent json data complete.
[INFO 2016-12-14T19:50:12.053 service.admin.AdminUserService initAuthContent 141] Star init authContent json data.
[INFO 2016-12-14T19:50:12.277 service.admin.AdminUserService initAuthContent 154] Init authContent json data complete.
[INFO 2016-12-14T19:50:12.278 service.admin.AdminUserService initUserContent 56] Star init userContent json data.
[INFO 2016-12-14T19:50:12.281 service.admin.AdminUserService initUserContent 75] Init userContent json data complete.
[INFO 2016-12-14T19:50:12.282 service.admin.AdminUserService initNavigationContent 235] Star init navigationContent json data.
[INFO 2016-12-14T19:50:12.286 service.admin.AdminUserService initNavigationContent 240] Init navigationContent json data complete.
[INFO 2016-12-14T19:50:12.286 service.admin.AdminUserService initGroupContent 297] Star init groupContent json data.
[INFO 2016-12-14T19:50:12.289 service.admin.AdminUserService initGroupContent 302] Init groupContent json data complete.
[INFO 2016-12-14T19:50:38.414 service.admin.AdminUserService initAuthContent 141] Star init authContent json data.
[INFO 2016-12-14T19:50:38.635 service.admin.AdminUserService initAuthContent 154] Init authContent json data complete.
[INFO 2016-12-14T19:50:38.635 service.admin.AdminUserService initUserContent 56] Star init userContent json data.
[INFO 2016-12-14T19:50:38.638 service.admin.AdminUserService initUserContent 75] Init userContent json data complete.
[INFO 2016-12-14T19:50:38.639 service.admin.AdminUserService initNavigationContent 235] Star init navigationContent json data.
[INFO 2016-12-14T19:50:38.643 service.admin.AdminUserService initNavigationContent 240] Init navigationContent json data complete.
[INFO 2016-12-14T19:50:38.643 service.admin.AdminUserService initGroupContent 297] Star init groupContent json data.
[INFO 2016-12-14T19:50:38.645 service.admin.AdminUserService initGroupContent 302] Init groupContent json data complete.
[INFO 2016-12-14T19:50:54.008 service.admin.AdminUserService login 202] admin login management platform.
[INFO 2016-12-14T19:52:56.089 service.admin.AdminUserService initAuthContent 141] Star init authContent json data.
[INFO 2016-12-14T19:52:56.310 service.admin.AdminUserService initAuthContent 154] Init authContent json data complete.
[INFO 2016-12-14T19:52:56.310 service.admin.AdminUserService initUserContent 56] Star init userContent json data.
[INFO 2016-12-14T19:52:56.313 service.admin.AdminUserService initUserContent 75] Init userContent json data complete.
[INFO 2016-12-14T19:52:56.314 service.admin.AdminUserService initNavigationContent 235] Star init navigationContent json data.
[INFO 2016-12-14T19:52:56.318 service.admin.AdminUserService initNavigationContent 240] Init navigationContent json data complete.
[INFO 2016-12-14T19:52:56.319 service.admin.AdminUserService initGroupContent 297] Star init groupContent json data.
[INFO 2016-12-14T19:52:56.321 service.admin.AdminUserService initGroupContent 302] Init groupContent json data complete.
[INFO 2016-12-14T19:53:05.824 service.admin.AdminUserService login 202] admin login management platform.
[INFO 2016-12-14T19:56:12.747 service.admin.AdminUserService initAuthContent 141] Star init authContent json data.
[INFO 2016-12-14T19:56:12.984 service.admin.AdminUserService initAuthContent 154] Init authContent json data complete.
[INFO 2016-12-14T19:56:12.985 service.admin.AdminUserService initUserContent 56] Star init userContent json data.
[INFO 2016-12-14T19:56:12.988 service.admin.AdminUserService initUserContent 75] Init userContent json data complete.
[INFO 2016-12-14T19:56:12.988 service.admin.AdminUserService initNavigationContent 235] Star init navigationContent json data.
[INFO 2016-12-14T19:56:12.992 service.admin.AdminUserService initNavigationContent 240] Init navigationContent json data complete.
[INFO 2016-12-14T19:56:12.992 service.admin.AdminUserService initGroupContent 297] Star init groupContent json data.
[INFO 2016-12-14T19:56:12.994 service.admin.AdminUserService initGroupContent 302] Init groupContent json data complete.
[INFO 2016-12-14T19:56:23.744 service.admin.AdminUserService login 202] admin login management platform.
[INFO 2016-12-14T20:02:21.371 service.admin.AdminUserService initAuthContent 141] Star init authContent json data.
[INFO 2016-12-14T20:02:21.594 service.admin.AdminUserService initAuthContent 154] Init authContent json data complete.
[INFO 2016-12-14T20:02:21.594 service.admin.AdminUserService initUserContent 56] Star init userContent json data.
[INFO 2016-12-14T20:02:21.597 service.admin.AdminUserService initUserContent 75] Init userContent json data complete.
[INFO 2016-12-14T20:02:21.598 service.admin.AdminUserService initNavigationContent 235] Star init navigationContent json data.
[INFO 2016-12-14T20:02:21.602 service.admin.AdminUserService initNavigationContent 240] Init navigationContent json data complete.
[INFO 2016-12-14T20:02:21.603 service.admin.AdminUserService initGroupContent 297] Star init groupContent json data.
[INFO 2016-12-14T20:02:21.605 service.admin.AdminUserService initGroupContent 302] Init groupContent json data complete.
[INFO 2016-12-14T20:02:42.008 service.admin.AdminUserService initAuthContent 141] Star init authContent json data.
[INFO 2016-12-14T20:02:42.229 service.admin.AdminUserService initAuthContent 154] Init authContent json data complete.
[INFO 2016-12-14T20:02:42.229 service.admin.AdminUserService initUserContent 56] Star init userContent json data.
[INFO 2016-12-14T20:02:42.233 service.admin.AdminUserService initUserContent 75] Init userContent json data complete.
[INFO 2016-12-14T20:02:42.233 service.admin.AdminUserService initNavigationContent 235] Star init navigationContent json data.
[INFO 2016-12-14T20:02:42.237 service.admin.AdminUserService initNavigationContent 240] Init navigationContent json data complete.
[INFO 2016-12-14T20:02:42.237 service.admin.AdminUserService initGroupContent 297] Star init groupContent json data.
[INFO 2016-12-14T20:02:42.240 service.admin.AdminUserService initGroupContent 302] Init groupContent json data complete.
[INFO 2016-12-14T20:02:57.512 service.admin.AdminUserService login 202] admin login management platform.
[INFO 2016-12-14T20:04:22.430 service.admin.AdminUserService initAuthContent 141] Star init authContent json data.
[INFO 2016-12-14T20:04:22.669 service.admin.AdminUserService initAuthContent 154] Init authContent json data complete.
[INFO 2016-12-14T20:04:22.670 service.admin.AdminUserService initUserContent 56] Star init userContent json data.
[INFO 2016-12-14T20:04:22.673 service.admin.AdminUserService initUserContent 75] Init userContent json data complete.
[INFO 2016-12-14T20:04:22.673 service.admin.AdminUserService initNavigationContent 235] Star init navigationContent json data.
[INFO 2016-12-14T20:04:22.678 service.admin.AdminUserService initNavigationContent 240] Init navigationContent json data complete.
[INFO 2016-12-14T20:04:22.678 service.admin.AdminUserService initGroupContent 297] Star init groupContent json data.
[INFO 2016-12-14T20:04:22.680 service.admin.AdminUserService initGroupContent 302] Init groupContent json data complete.
[INFO 2016-12-14T20:04:36.050 service.admin.AdminUserService login 202] admin login management platform.
[INFO 2016-12-14T21:13:27.594 service.admin.AdminUserService login 202] admin login management platform.
[INFO 2016-12-14T21:15:57.313 service.admin.AdminUserService initAuthContent 141] Star init authContent json data.
[INFO 2016-12-14T21:15:57.542 service.admin.AdminUserService initAuthContent 154] Init authContent json data complete.
[INFO 2016-12-14T21:15:57.542 service.admin.AdminUserService initUserContent 56] Star init userContent json data.
[INFO 2016-12-14T21:15:57.545 service.admin.AdminUserService initUserContent 75] Init userContent json data complete.
[INFO 2016-12-14T21:15:57.545 service.admin.AdminUserService initNavigationContent 235] Star init navigationContent json data.
[INFO 2016-12-14T21:15:57.549 service.admin.AdminUserService initNavigationContent 240] Init navigationContent json data complete.
[INFO 2016-12-14T21:15:57.549 service.admin.AdminUserService initGroupContent 297] Star init groupContent json data.
[INFO 2016-12-14T21:15:57.551 service.admin.AdminUserService initGroupContent 302] Init groupContent json data complete.
[INFO 2016-12-14T21:16:12.631 service.admin.AdminUserService login 202] admin login management platform.
[INFO 2016-12-14T21:18:06.870 service.admin.AdminUserService initAuthContent 141] Star init authContent json data.
[INFO 2016-12-14T21:18:07.096 service.admin.AdminUserService initAuthContent 154] Init authContent json data complete.
[INFO 2016-12-14T21:18:07.097 service.admin.AdminUserService initUserContent 56] Star init userContent json data.
[INFO 2016-12-14T21:18:07.100 service.admin.AdminUserService initUserContent 75] Init userContent json data complete.
[INFO 2016-12-14T21:18:07.100 service.admin.AdminUserService initNavigationContent 235] Star init navigationContent json data.
[INFO 2016-12-14T21:18:07.105 service.admin.AdminUserService initNavigationContent 240] Init navigationContent json data complete.
[INFO 2016-12-14T21:18:07.105 service.admin.AdminUserService initGroupContent 297] Star init groupContent json data.
[INFO 2016-12-14T21:18:07.107 service.admin.AdminUserService initGroupContent 302] Init groupContent json data complete.
[INFO 2016-12-14T21:18:16.275 service.admin.AdminUserService login 202] admin login management platform.
[INFO 2016-12-14T21:21:10.773 service.admin.AdminUserService initAuthContent 141] Star init authContent json data.
[INFO 2016-12-14T21:21:10.994 service.admin.AdminUserService initAuthContent 154] Init authContent json data complete.
[INFO 2016-12-14T21:21:10.994 service.admin.AdminUserService initUserContent 56] Star init userContent json data.
[INFO 2016-12-14T21:21:10.997 service.admin.AdminUserService initUserContent 75] Init userContent json data complete.
[INFO 2016-12-14T21:21:10.998 service.admin.AdminUserService initNavigationContent 235] Star init navigationContent json data.
[INFO 2016-12-14T21:21:11.002 service.admin.AdminUserService initNavigationContent 240] Init navigationContent json data complete.
[INFO 2016-12-14T21:21:11.002 service.admin.AdminUserService initGroupContent 297] Star init groupContent json data.
[INFO 2016-12-14T21:21:11.004 service.admin.AdminUserService initGroupContent 302] Init groupContent json data complete.
[INFO 2016-12-14T21:44:39.290 service.admin.AdminUserService initAuthContent 141] Star init authContent json data.
[INFO 2016-12-14T21:44:39.551 service.admin.AdminUserService initAuthContent 154] Init authContent json data complete.
[INFO 2016-12-14T21:44:39.551 service.admin.AdminUserService initUserContent 56] Star init userContent json data.
[INFO 2016-12-14T21:44:39.556 service.admin.AdminUserService initUserContent 75] Init userContent json data complete.
[INFO 2016-12-14T21:44:39.556 service.admin.AdminUserService initNavigationContent 235] Star init navigationContent json data.
[INFO 2016-12-14T21:44:39.561 service.admin.AdminUserService initNavigationContent 240] Init navigationContent json data complete.
[INFO 2016-12-14T21:44:39.561 service.admin.AdminUserService initGroupContent 297] Star init groupContent json data.
[INFO 2016-12-14T21:44:39.563 service.admin.AdminUserService initGroupContent 302] Init groupContent json data complete.
[INFO 2016-12-14T21:50:06.649 service.admin.AdminUserService login 202] admin login management platform.
[INFO 2016-12-14T21:52:40.089 service.admin.AdminUserService initAuthContent 141] Star init authContent json data.
[INFO 2016-12-14T21:52:40.333 service.admin.AdminUserService initAuthContent 154] Init authContent json data complete.
[INFO 2016-12-14T21:52:40.333 service.admin.AdminUserService initUserContent 56] Star init userContent json data.
[INFO 2016-12-14T21:52:40.338 service.admin.AdminUserService initUserContent 75] Init userContent json data complete.
[INFO 2016-12-14T21:52:40.338 service.admin.AdminUserService initNavigationContent 235] Star init navigationContent json data.
[INFO 2016-12-14T21:52:40.343 service.admin.AdminUserService initNavigationContent 240] Init navigationContent json data complete.
[INFO 2016-12-14T21:52:40.343 service.admin.AdminUserService initGroupContent 297] Star init groupContent json data.
[INFO 2016-12-14T21:52:40.346 service.admin.AdminUserService initGroupContent 302] Init groupContent json data complete.
[INFO 2016-12-14T21:52:55.390 service.admin.AdminUserService login 202] admin login management platform.
[INFO 2016-12-14T22:25:01.355 service.admin.AdminUserService initAuthContent 141] Star init authContent json data.
[INFO 2016-12-14T22:25:01.576 service.admin.AdminUserService initAuthContent 154] Init authContent json data complete.
[INFO 2016-12-14T22:25:01.576 service.admin.AdminUserService initUserContent 56] Star init userContent json data.
[INFO 2016-12-14T22:25:01.580 service.admin.AdminUserService initUserContent 75] Init userContent json data complete.
[INFO 2016-12-14T22:25:01.580 service.admin.AdminUserService initNavigationContent 235] Star init navigationContent json data.
[INFO 2016-12-14T22:25:01.585 service.admin.AdminUserService initNavigationContent 240] Init navigationContent json data complete.
[INFO 2016-12-14T22:25:01.585 service.admin.AdminUserService initGroupContent 297] Star init groupContent json data.
[INFO 2016-12-14T22:25:01.587 service.admin.AdminUserService initGroupContent 302] Init groupContent json data complete.
