[INFO 2016-10-31T15:20:12.365 service.admin.AdminUserService initAuthContent 141] Star init authContent json data.
[INFO 2016-10-31T15:20:12.614 service.admin.AdminUserService initAuthContent 154] Init authContent json data complete.
[INFO 2016-10-31T15:20:12.614 service.admin.AdminUserService initUserContent 56] Star init userContent json data.
[INFO 2016-10-31T15:20:12.618 service.admin.AdminUserService initUserContent 75] Init userContent json data complete.
[INFO 2016-10-31T15:20:12.618 service.admin.AdminUserService initNavigationContent 235] Star init navigationContent json data.
[INFO 2016-10-31T15:20:12.623 service.admin.AdminUserService initNavigationContent 240] Init navigationContent json data complete.
[INFO 2016-10-31T15:20:12.623 service.admin.AdminUserService initGroupContent 297] Star init groupContent json data.
[INFO 2016-10-31T15:20:12.625 service.admin.AdminUserService initGroupContent 302] Init groupContent json data complete.
[INFO 2016-10-31T17:34:11.287 service.admin.AdminUserService initAuthContent 141] Star init authContent json data.
[INFO 2016-10-31T17:34:11.513 service.admin.AdminUserService initAuthContent 154] Init authContent json data complete.
[INFO 2016-10-31T17:34:11.513 service.admin.AdminUserService initUserContent 56] Star init userContent json data.
[INFO 2016-10-31T17:34:11.516 service.admin.AdminUserService initUserContent 75] Init userContent json data complete.
[INFO 2016-10-31T17:34:11.517 service.admin.AdminUserService initNavigationContent 235] Star init navigationContent json data.
[INFO 2016-10-31T17:34:11.521 service.admin.AdminUserService initNavigationContent 240] Init navigationContent json data complete.
[INFO 2016-10-31T17:34:11.521 service.admin.AdminUserService initGroupContent 297] Star init groupContent json data.
[INFO 2016-10-31T17:34:11.523 service.admin.AdminUserService initGroupContent 302] Init groupContent json data complete.
[INFO 2016-10-31T17:36:50.548 service.admin.AdminUserService initAuthContent 141] Star init authContent json data.
[INFO 2016-10-31T17:36:50.783 service.admin.AdminUserService initAuthContent 154] Init authContent json data complete.
[INFO 2016-10-31T17:36:50.783 service.admin.AdminUserService initUserContent 56] Star init userContent json data.
[INFO 2016-10-31T17:36:50.786 service.admin.AdminUserService initUserContent 75] Init userContent json data complete.
[INFO 2016-10-31T17:36:50.786 service.admin.AdminUserService initNavigationContent 235] Star init navigationContent json data.
[INFO 2016-10-31T17:36:50.791 service.admin.AdminUserService initNavigationContent 240] Init navigationContent json data complete.
[INFO 2016-10-31T17:36:50.791 service.admin.AdminUserService initGroupContent 297] Star init groupContent json data.
[INFO 2016-10-31T17:36:50.793 service.admin.AdminUserService initGroupContent 302] Init groupContent json data complete.
[INFO 2016-10-31T17:37:51.063 service.admin.AdminUserService initAuthContent 141] Star init authContent json data.
[INFO 2016-10-31T17:37:51.287 service.admin.AdminUserService initAuthContent 154] Init authContent json data complete.
[INFO 2016-10-31T17:37:51.288 service.admin.AdminUserService initUserContent 56] Star init userContent json data.
[INFO 2016-10-31T17:37:51.291 service.admin.AdminUserService initUserContent 75] Init userContent json data complete.
[INFO 2016-10-31T17:37:51.291 service.admin.AdminUserService initNavigationContent 235] Star init navigationContent json data.
[INFO 2016-10-31T17:37:51.296 service.admin.AdminUserService initNavigationContent 240] Init navigationContent json data complete.
[INFO 2016-10-31T17:37:51.296 service.admin.AdminUserService initGroupContent 297] Star init groupContent json data.
[INFO 2016-10-31T17:37:51.298 service.admin.AdminUserService initGroupContent 302] Init groupContent json data complete.
[INFO 2016-10-31T17:44:01.985 service.admin.AdminUserService initAuthContent 141] Star init authContent json data.
[INFO 2016-10-31T17:44:02.206 service.admin.AdminUserService initAuthContent 154] Init authContent json data complete.
[INFO 2016-10-31T17:44:02.206 service.admin.AdminUserService initUserContent 56] Star init userContent json data.
[INFO 2016-10-31T17:44:02.210 service.admin.AdminUserService initUserContent 75] Init userContent json data complete.
[INFO 2016-10-31T17:44:02.210 service.admin.AdminUserService initNavigationContent 235] Star init navigationContent json data.
[INFO 2016-10-31T17:44:02.214 service.admin.AdminUserService initNavigationContent 240] Init navigationContent json data complete.
[INFO 2016-10-31T17:44:02.214 service.admin.AdminUserService initGroupContent 297] Star init groupContent json data.
[INFO 2016-10-31T17:44:02.216 service.admin.AdminUserService initGroupContent 302] Init groupContent json data complete.
[INFO 2016-10-31T17:45:26.028 service.admin.AdminUserService initAuthContent 141] Star init authContent json data.
[INFO 2016-10-31T17:45:26.262 service.admin.AdminUserService initAuthContent 154] Init authContent json data complete.
[INFO 2016-10-31T17:45:26.262 service.admin.AdminUserService initUserContent 56] Star init userContent json data.
[INFO 2016-10-31T17:45:26.265 service.admin.AdminUserService initUserContent 75] Init userContent json data complete.
[INFO 2016-10-31T17:45:26.266 service.admin.AdminUserService initNavigationContent 235] Star init navigationContent json data.
[INFO 2016-10-31T17:45:26.270 service.admin.AdminUserService initNavigationContent 240] Init navigationContent json data complete.
[INFO 2016-10-31T17:45:26.270 service.admin.AdminUserService initGroupContent 297] Star init groupContent json data.
[INFO 2016-10-31T17:45:26.272 service.admin.AdminUserService initGroupContent 302] Init groupContent json data complete.
[INFO 2016-10-31T17:54:38.371 service.admin.AdminUserService initAuthContent 141] Star init authContent json data.
[INFO 2016-10-31T17:54:38.603 service.admin.AdminUserService initAuthContent 154] Init authContent json data complete.
[INFO 2016-10-31T17:54:38.603 service.admin.AdminUserService initUserContent 56] Star init userContent json data.
[INFO 2016-10-31T17:54:38.606 service.admin.AdminUserService initUserContent 75] Init userContent json data complete.
[INFO 2016-10-31T17:54:38.607 service.admin.AdminUserService initNavigationContent 235] Star init navigationContent json data.
[INFO 2016-10-31T17:54:38.611 service.admin.AdminUserService initNavigationContent 240] Init navigationContent json data complete.
[INFO 2016-10-31T17:54:38.611 service.admin.AdminUserService initGroupContent 297] Star init groupContent json data.
[INFO 2016-10-31T17:54:38.613 service.admin.AdminUserService initGroupContent 302] Init groupContent json data complete.
[INFO 2016-10-31T17:59:08.597 service.admin.AdminUserService initAuthContent 141] Star init authContent json data.
[INFO 2016-10-31T17:59:08.817 service.admin.AdminUserService initAuthContent 154] Init authContent json data complete.
[INFO 2016-10-31T17:59:08.817 service.admin.AdminUserService initUserContent 56] Star init userContent json data.
[INFO 2016-10-31T17:59:08.820 service.admin.AdminUserService initUserContent 75] Init userContent json data complete.
[INFO 2016-10-31T17:59:08.820 service.admin.AdminUserService initNavigationContent 235] Star init navigationContent json data.
[INFO 2016-10-31T17:59:08.825 service.admin.AdminUserService initNavigationContent 240] Init navigationContent json data complete.
[INFO 2016-10-31T17:59:08.825 service.admin.AdminUserService initGroupContent 297] Star init groupContent json data.
[INFO 2016-10-31T17:59:08.827 service.admin.AdminUserService initGroupContent 302] Init groupContent json data complete.
[INFO 2016-10-31T18:00:52.114 service.admin.AdminUserService initAuthContent 141] Star init authContent json data.
[INFO 2016-10-31T18:00:52.353 service.admin.AdminUserService initAuthContent 154] Init authContent json data complete.
[INFO 2016-10-31T18:00:52.353 service.admin.AdminUserService initUserContent 56] Star init userContent json data.
[INFO 2016-10-31T18:00:52.356 service.admin.AdminUserService initUserContent 75] Init userContent json data complete.
[INFO 2016-10-31T18:00:52.356 service.admin.AdminUserService initNavigationContent 235] Star init navigationContent json data.
[INFO 2016-10-31T18:00:52.362 service.admin.AdminUserService initNavigationContent 240] Init navigationContent json data complete.
[INFO 2016-10-31T18:00:52.362 service.admin.AdminUserService initGroupContent 297] Star init groupContent json data.
[INFO 2016-10-31T18:00:52.364 service.admin.AdminUserService initGroupContent 302] Init groupContent json data complete.
[INFO 2016-10-31T18:01:42.922 service.admin.AdminUserService initAuthContent 141] Star init authContent json data.
[INFO 2016-10-31T18:01:43.154 service.admin.AdminUserService initAuthContent 154] Init authContent json data complete.
[INFO 2016-10-31T18:01:43.154 service.admin.AdminUserService initUserContent 56] Star init userContent json data.
[INFO 2016-10-31T18:01:43.158 service.admin.AdminUserService initUserContent 75] Init userContent json data complete.
[INFO 2016-10-31T18:01:43.158 service.admin.AdminUserService initNavigationContent 235] Star init navigationContent json data.
[INFO 2016-10-31T18:01:43.162 service.admin.AdminUserService initNavigationContent 240] Init navigationContent json data complete.
[INFO 2016-10-31T18:01:43.162 service.admin.AdminUserService initGroupContent 297] Star init groupContent json data.
[INFO 2016-10-31T18:01:43.164 service.admin.AdminUserService initGroupContent 302] Init groupContent json data complete.
[INFO 2016-10-31T18:02:34.078 service.admin.AdminUserService initAuthContent 141] Star init authContent json data.
[INFO 2016-10-31T18:02:34.300 service.admin.AdminUserService initAuthContent 154] Init authContent json data complete.
[INFO 2016-10-31T18:02:34.301 service.admin.AdminUserService initUserContent 56] Star init userContent json data.
[INFO 2016-10-31T18:02:34.304 service.admin.AdminUserService initUserContent 75] Init userContent json data complete.
[INFO 2016-10-31T18:02:34.304 service.admin.AdminUserService initNavigationContent 235] Star init navigationContent json data.
[INFO 2016-10-31T18:02:34.309 service.admin.AdminUserService initNavigationContent 240] Init navigationContent json data complete.
[INFO 2016-10-31T18:02:34.309 service.admin.AdminUserService initGroupContent 297] Star init groupContent json data.
[INFO 2016-10-31T18:02:34.311 service.admin.AdminUserService initGroupContent 302] Init groupContent json data complete.
[INFO 2016-10-31T18:03:39.947 service.admin.AdminUserService initAuthContent 141] Star init authContent json data.
[INFO 2016-10-31T18:03:40.169 service.admin.AdminUserService initAuthContent 154] Init authContent json data complete.
[INFO 2016-10-31T18:03:40.169 service.admin.AdminUserService initUserContent 56] Star init userContent json data.
[INFO 2016-10-31T18:03:40.175 service.admin.AdminUserService initUserContent 75] Init userContent json data complete.
[INFO 2016-10-31T18:03:40.175 service.admin.AdminUserService initNavigationContent 235] Star init navigationContent json data.
[INFO 2016-10-31T18:03:40.180 service.admin.AdminUserService initNavigationContent 240] Init navigationContent json data complete.
[INFO 2016-10-31T18:03:40.180 service.admin.AdminUserService initGroupContent 297] Star init groupContent json data.
[INFO 2016-10-31T18:03:40.183 service.admin.AdminUserService initGroupContent 302] Init groupContent json data complete.
[INFO 2016-10-31T18:04:07.903 service.admin.AdminUserService initAuthContent 141] Star init authContent json data.
[INFO 2016-10-31T18:04:08.123 service.admin.AdminUserService initAuthContent 154] Init authContent json data complete.
[INFO 2016-10-31T18:04:08.123 service.admin.AdminUserService initUserContent 56] Star init userContent json data.
[INFO 2016-10-31T18:04:08.127 service.admin.AdminUserService initUserContent 75] Init userContent json data complete.
[INFO 2016-10-31T18:04:08.127 service.admin.AdminUserService initNavigationContent 235] Star init navigationContent json data.
[INFO 2016-10-31T18:04:08.131 service.admin.AdminUserService initNavigationContent 240] Init navigationContent json data complete.
[INFO 2016-10-31T18:04:08.132 service.admin.AdminUserService initGroupContent 297] Star init groupContent json data.
[INFO 2016-10-31T18:04:08.133 service.admin.AdminUserService initGroupContent 302] Init groupContent json data complete.
[INFO 2016-10-31T18:05:21.022 service.admin.AdminUserService initAuthContent 141] Star init authContent json data.
[INFO 2016-10-31T18:05:21.240 service.admin.AdminUserService initAuthContent 154] Init authContent json data complete.
[INFO 2016-10-31T18:05:21.240 service.admin.AdminUserService initUserContent 56] Star init userContent json data.
[INFO 2016-10-31T18:05:21.243 service.admin.AdminUserService initUserContent 75] Init userContent json data complete.
[INFO 2016-10-31T18:05:21.243 service.admin.AdminUserService initNavigationContent 235] Star init navigationContent json data.
[INFO 2016-10-31T18:05:21.248 service.admin.AdminUserService initNavigationContent 240] Init navigationContent json data complete.
[INFO 2016-10-31T18:05:21.248 service.admin.AdminUserService initGroupContent 297] Star init groupContent json data.
[INFO 2016-10-31T18:05:21.250 service.admin.AdminUserService initGroupContent 302] Init groupContent json data complete.
[INFO 2016-10-31T18:05:49.468 service.admin.AdminUserService initAuthContent 141] Star init authContent json data.
[INFO 2016-10-31T18:05:49.687 service.admin.AdminUserService initAuthContent 154] Init authContent json data complete.
[INFO 2016-10-31T18:05:49.687 service.admin.AdminUserService initUserContent 56] Star init userContent json data.
[INFO 2016-10-31T18:05:49.690 service.admin.AdminUserService initUserContent 75] Init userContent json data complete.
[INFO 2016-10-31T18:05:49.690 service.admin.AdminUserService initNavigationContent 235] Star init navigationContent json data.
[INFO 2016-10-31T18:05:49.694 service.admin.AdminUserService initNavigationContent 240] Init navigationContent json data complete.
[INFO 2016-10-31T18:05:49.694 service.admin.AdminUserService initGroupContent 297] Star init groupContent json data.
[INFO 2016-10-31T18:05:49.696 service.admin.AdminUserService initGroupContent 302] Init groupContent json data complete.
[INFO 2016-10-31T18:06:29.690 service.admin.AdminUserService initAuthContent 141] Star init authContent json data.
[INFO 2016-10-31T18:06:29.911 service.admin.AdminUserService initAuthContent 154] Init authContent json data complete.
[INFO 2016-10-31T18:06:29.911 service.admin.AdminUserService initUserContent 56] Star init userContent json data.
[INFO 2016-10-31T18:06:29.914 service.admin.AdminUserService initUserContent 75] Init userContent json data complete.
[INFO 2016-10-31T18:06:29.914 service.admin.AdminUserService initNavigationContent 235] Star init navigationContent json data.
[INFO 2016-10-31T18:06:29.919 service.admin.AdminUserService initNavigationContent 240] Init navigationContent json data complete.
[INFO 2016-10-31T18:06:29.919 service.admin.AdminUserService initGroupContent 297] Star init groupContent json data.
[INFO 2016-10-31T18:06:29.921 service.admin.AdminUserService initGroupContent 302] Init groupContent json data complete.
[INFO 2016-10-31T18:08:16.052 service.admin.AdminUserService initAuthContent 141] Star init authContent json data.
[INFO 2016-10-31T18:08:16.273 service.admin.AdminUserService initAuthContent 154] Init authContent json data complete.
[INFO 2016-10-31T18:08:16.273 service.admin.AdminUserService initUserContent 56] Star init userContent json data.
[INFO 2016-10-31T18:08:16.276 service.admin.AdminUserService initUserContent 75] Init userContent json data complete.
[INFO 2016-10-31T18:08:16.277 service.admin.AdminUserService initNavigationContent 235] Star init navigationContent json data.
[INFO 2016-10-31T18:08:16.281 service.admin.AdminUserService initNavigationContent 240] Init navigationContent json data complete.
[INFO 2016-10-31T18:08:16.281 service.admin.AdminUserService initGroupContent 297] Star init groupContent json data.
[INFO 2016-10-31T18:08:16.283 service.admin.AdminUserService initGroupContent 302] Init groupContent json data complete.
[INFO 2016-10-31T18:10:08.623 service.admin.AdminUserService initAuthContent 141] Star init authContent json data.
[INFO 2016-10-31T18:10:08.842 service.admin.AdminUserService initAuthContent 154] Init authContent json data complete.
[INFO 2016-10-31T18:10:08.843 service.admin.AdminUserService initUserContent 56] Star init userContent json data.
[INFO 2016-10-31T18:10:08.846 service.admin.AdminUserService initUserContent 75] Init userContent json data complete.
[INFO 2016-10-31T18:10:08.846 service.admin.AdminUserService initNavigationContent 235] Star init navigationContent json data.
[INFO 2016-10-31T18:10:08.850 service.admin.AdminUserService initNavigationContent 240] Init navigationContent json data complete.
[INFO 2016-10-31T18:10:08.851 service.admin.AdminUserService initGroupContent 297] Star init groupContent json data.
[INFO 2016-10-31T18:10:08.852 service.admin.AdminUserService initGroupContent 302] Init groupContent json data complete.
[INFO 2016-10-31T18:10:53.578 service.admin.AdminUserService initAuthContent 141] Star init authContent json data.
[INFO 2016-10-31T18:10:53.822 service.admin.AdminUserService initAuthContent 154] Init authContent json data complete.
[INFO 2016-10-31T18:10:53.822 service.admin.AdminUserService initUserContent 56] Star init userContent json data.
[INFO 2016-10-31T18:10:53.825 service.admin.AdminUserService initUserContent 75] Init userContent json data complete.
[INFO 2016-10-31T18:10:53.825 service.admin.AdminUserService initNavigationContent 235] Star init navigationContent json data.
[INFO 2016-10-31T18:10:53.830 service.admin.AdminUserService initNavigationContent 240] Init navigationContent json data complete.
[INFO 2016-10-31T18:10:53.830 service.admin.AdminUserService initGroupContent 297] Star init groupContent json data.
[INFO 2016-10-31T18:10:53.832 service.admin.AdminUserService initGroupContent 302] Init groupContent json data complete.
[INFO 2016-10-31T18:11:12.538 service.admin.AdminUserService initAuthContent 141] Star init authContent json data.
[INFO 2016-10-31T18:11:12.762 service.admin.AdminUserService initAuthContent 154] Init authContent json data complete.
[INFO 2016-10-31T18:11:12.762 service.admin.AdminUserService initUserContent 56] Star init userContent json data.
[INFO 2016-10-31T18:11:12.765 service.admin.AdminUserService initUserContent 75] Init userContent json data complete.
[INFO 2016-10-31T18:11:12.766 service.admin.AdminUserService initNavigationContent 235] Star init navigationContent json data.
[INFO 2016-10-31T18:11:12.770 service.admin.AdminUserService initNavigationContent 240] Init navigationContent json data complete.
[INFO 2016-10-31T18:11:12.770 service.admin.AdminUserService initGroupContent 297] Star init groupContent json data.
[INFO 2016-10-31T18:11:12.772 service.admin.AdminUserService initGroupContent 302] Init groupContent json data complete.
[INFO 2016-10-31T18:13:51.512 service.admin.AdminUserService initAuthContent 141] Star init authContent json data.
[INFO 2016-10-31T18:13:51.732 service.admin.AdminUserService initAuthContent 154] Init authContent json data complete.
[INFO 2016-10-31T18:13:51.733 service.admin.AdminUserService initUserContent 56] Star init userContent json data.
[INFO 2016-10-31T18:13:51.736 service.admin.AdminUserService initUserContent 75] Init userContent json data complete.
[INFO 2016-10-31T18:13:51.736 service.admin.AdminUserService initNavigationContent 235] Star init navigationContent json data.
[INFO 2016-10-31T18:13:51.740 service.admin.AdminUserService initNavigationContent 240] Init navigationContent json data complete.
[INFO 2016-10-31T18:13:51.740 service.admin.AdminUserService initGroupContent 297] Star init groupContent json data.
[INFO 2016-10-31T18:13:51.742 service.admin.AdminUserService initGroupContent 302] Init groupContent json data complete.
[INFO 2016-10-31T18:14:34.124 service.admin.AdminUserService initAuthContent 141] Star init authContent json data.
[INFO 2016-10-31T18:14:34.355 service.admin.AdminUserService initAuthContent 154] Init authContent json data complete.
[INFO 2016-10-31T18:14:34.355 service.admin.AdminUserService initUserContent 56] Star init userContent json data.
[INFO 2016-10-31T18:14:34.359 service.admin.AdminUserService initUserContent 75] Init userContent json data complete.
[INFO 2016-10-31T18:14:34.359 service.admin.AdminUserService initNavigationContent 235] Star init navigationContent json data.
[INFO 2016-10-31T18:14:34.364 service.admin.AdminUserService initNavigationContent 240] Init navigationContent json data complete.
[INFO 2016-10-31T18:14:34.364 service.admin.AdminUserService initGroupContent 297] Star init groupContent json data.
[INFO 2016-10-31T18:14:34.366 service.admin.AdminUserService initGroupContent 302] Init groupContent json data complete.
[INFO 2016-10-31T18:17:58.817 service.admin.AdminUserService initAuthContent 141] Star init authContent json data.
[INFO 2016-10-31T18:17:59.053 service.admin.AdminUserService initAuthContent 154] Init authContent json data complete.
[INFO 2016-10-31T18:17:59.054 service.admin.AdminUserService initUserContent 56] Star init userContent json data.
[INFO 2016-10-31T18:17:59.057 service.admin.AdminUserService initUserContent 75] Init userContent json data complete.
[INFO 2016-10-31T18:17:59.057 service.admin.AdminUserService initNavigationContent 235] Star init navigationContent json data.
[INFO 2016-10-31T18:17:59.061 service.admin.AdminUserService initNavigationContent 240] Init navigationContent json data complete.
[INFO 2016-10-31T18:17:59.061 service.admin.AdminUserService initGroupContent 297] Star init groupContent json data.
[INFO 2016-10-31T18:17:59.063 service.admin.AdminUserService initGroupContent 302] Init groupContent json data complete.
[INFO 2016-10-31T18:18:44.359 service.admin.AdminUserService initAuthContent 141] Star init authContent json data.
[INFO 2016-10-31T18:18:44.577 service.admin.AdminUserService initAuthContent 154] Init authContent json data complete.
[INFO 2016-10-31T18:18:44.578 service.admin.AdminUserService initUserContent 56] Star init userContent json data.
[INFO 2016-10-31T18:18:44.581 service.admin.AdminUserService initUserContent 75] Init userContent json data complete.
[INFO 2016-10-31T18:18:44.581 service.admin.AdminUserService initNavigationContent 235] Star init navigationContent json data.
[INFO 2016-10-31T18:18:44.585 service.admin.AdminUserService initNavigationContent 240] Init navigationContent json data complete.
[INFO 2016-10-31T18:18:44.586 service.admin.AdminUserService initGroupContent 297] Star init groupContent json data.
[INFO 2016-10-31T18:18:44.589 service.admin.AdminUserService initGroupContent 302] Init groupContent json data complete.
